This is pdfTeX, Version 3.14159265-2.6-1.40.21 (MiKTeX 20.7) (preloaded format=pdflatex 2020.8.15)  15 AUG 2020 22:54
entering extended mode
**"c:/Users/Usman IlamDin/Documents/GitHub/power-electronics-project/Report/uet_thesis.tex"
("c:/Users/Usman IlamDin/Documents/GitHub/power-electronics-project/Report/uet_thesis.tex"
LaTeX2e <2020-02-02> patch level 5
L3 programming layer <2020-08-07> ("c:/Users\Usman IlamDin\Documents\GitHub\power-electronics-project\Report\uet_thesis.cls"
Document Class: uet_thesis 2010/22/03 v1.1 LaTeX document class
("C:\Users\Usman IlamDin\AppData\Local\Programs\MiKTeX\tex/latex/base\book.cls"
Document Class: book 2019/12/20 v1.4l Standard LaTeX document class
("C:\Users\Usman IlamDin\AppData\Local\Programs\MiKTeX\tex/latex/base\bk11.clo"
File: bk11.clo 2019/12/20 v1.4l Standard LaTeX file (size option)
)
\c@part=\count168
\c@chapter=\count169
\c@section=\count170
\c@subsection=\count171
\c@subsubsection=\count172
\c@paragraph=\count173
\c@subparagraph=\count174
\c@figure=\count175
\c@table=\count176
\abovecaptionskip=\skip47
\belowcaptionskip=\skip48
\bibindent=\dimen134
) ("C:\Users\Usman IlamDin\AppData\Local\Programs\MiKTeX\tex/latex/setspace\setspace.sty"
Package: setspace 2011/12/19 v6.7a set line spacing
) ("C:\Users\Usman IlamDin\AppData\Local\Programs\MiKTeX\tex/latex/vmargin\vmargin.sty"
Package: vmargin 2004/07/15 V2.5 set document margins (VK)

Package: vmargin 2004/07/15 V2.5 set document margins (VK)
\PaperWidth=\dimen135
\PaperHeight=\dimen136
) ("C:\Users\Usman IlamDin\AppData\Local\Programs\MiKTeX\tex/latex/fancyhdr\fancyhdr.sty"
Package: fancyhdr 2019/01/31 v3.10 Extensive control of page headers and footers
\f@nch@headwidth=\skip49
\f@nch@O@elh=\skip50
\f@nch@O@erh=\skip51
\f@nch@O@olh=\skip52
\f@nch@O@orh=\skip53
\f@nch@O@elf=\skip54
\f@nch@O@erf=\skip55
\f@nch@O@olf=\skip56
\f@nch@O@orf=\skip57
) ("C:\Users\Usman IlamDin\AppData\Local\Programs\MiKTeX\tex/latex/amsmath\amsmath.sty"
Package: amsmath 2020/01/20 v2.17e AMS math features
\@mathmargin=\skip58

For additional information on amsmath, use the `?' option.
("C:\Users\Usman IlamDin\AppData\Local\Programs\MiKTeX\tex/latex/amsmath\amstext.sty"
Package: amstext 2000/06/29 v2.01 AMS text
 ("C:\Users\Usman IlamDin\AppData\Local\Programs\MiKTeX\tex/latex/amsmath\amsgen.sty"
File: amsgen.sty 1999/11/30 v2.0 generic functions
\@emptytoks=\toks15
\ex@=\dimen137
)) ("C:\Users\Usman IlamDin\AppData\Local\Programs\MiKTeX\tex/latex/amsmath\amsbsy.sty"
Package: amsbsy 1999/11/29 v1.2d Bold Symbols
\pmbraise@=\dimen138
) ("C:\Users\Usman IlamDin\AppData\Local\Programs\MiKTeX\tex/latex/amsmath\amsopn.sty"
Package: amsopn 2016/03/08 v2.02 operator names
)
\inf@bad=\count177
LaTeX Info: Redefining \frac on input line 227.
\uproot@=\count178
\leftroot@=\count179
LaTeX Info: Redefining \overline on input line 389.
\classnum@=\count180
\DOTSCASE@=\count181
LaTeX Info: Redefining \ldots on input line 486.
LaTeX Info: Redefining \dots on input line 489.
LaTeX Info: Redefining \cdots on input line 610.
\Mathstrutbox@=\box45
\strutbox@=\box46
\big@size=\dimen139
LaTeX Font Info:    Redeclaring font encoding OML on input line 733.
LaTeX Font Info:    Redeclaring font encoding OMS on input line 734.
\macc@depth=\count182
\c@MaxMatrixCols=\count183
\dotsspace@=\muskip16
\c@parentequation=\count184
\dspbrk@lvl=\count185
\tag@help=\toks16
\row@=\count186
\column@=\count187
\maxfields@=\count188
\andhelp@=\toks17
\eqnshift@=\dimen140
\alignsep@=\dimen141
\tagshift@=\dimen142
\tagwidth@=\dimen143
\totwidth@=\dimen144
\lineht@=\dimen145
\@envbody=\toks18
\multlinegap=\skip59
\multlinetaggap=\skip60
\mathdisplay@stack=\toks19
LaTeX Info: Redefining \[ on input line 2859.
LaTeX Info: Redefining \] on input line 2860.
) ("C:\Users\Usman IlamDin\AppData\Local\Programs\MiKTeX\tex/latex/amsfonts\amsfonts.sty"
Package: amsfonts 2013/01/14 v3.01 Basic AMSFonts support
\symAMSa=\mathgroup4
\symAMSb=\mathgroup5
LaTeX Font Info:    Redeclaring math symbol \hbar on input line 98.
LaTeX Font Info:    Overwriting math alphabet `\mathfrak' in version `bold'
(Font)                  U/euf/m/n --> U/euf/b/n on input line 106.
) ("C:\Users\Usman IlamDin\AppData\Local\Programs\MiKTeX\tex/latex/amsfonts\amssymb.sty"
Package: amssymb 2013/01/14 v3.01 AMS font symbols
) ("C:\Users\Usman IlamDin\AppData\Local\Programs\MiKTeX\tex/latex/amsmath\amscd.sty"
Package: amscd 2017/04/14 v2.1 AMS Commutative Diagrams
\athelp@=\toks20
\minaw@=\dimen146
\bigaw@=\dimen147
\minCDarrowwidth=\dimen148
) ("C:\Users\Usman IlamDin\AppData\Local\Programs\MiKTeX\tex/latex/amscls\amsthm.sty"
Package: amsthm 2020/05/29 v2.20.6
\thm@style=\toks21
\thm@bodyfont=\toks22
\thm@headfont=\toks23
\thm@notefont=\toks24
\thm@headpunct=\toks25
\thm@preskip=\skip61
\thm@postskip=\skip62
\thm@headsep=\skip63
\dth@everypar=\toks26
) ("C:\Users\Usman IlamDin\AppData\Local\Programs\MiKTeX\tex/latex/tools\xspace.sty"
Package: xspace 2014/10/28 v1.13 Space after command names (DPC,MH)
)
\c@example=\count189
\c@theorem=\count190
 ("C:\Users\Usman IlamDin\AppData\Local\Programs\MiKTeX\tex/latex/caption\caption.sty"
Package: caption 2020/05/30 v3.4k Customizing captions (AR)
 ("C:\Users\Usman IlamDin\AppData\Local\Programs\MiKTeX\tex/latex/caption\caption3.sty"
Package: caption3 2020/07/20 v1.12b caption3 kernel (AR)
Package caption3 Info: TeX engine: e-TeX on input line 61.
 ("C:\Users\Usman IlamDin\AppData\Local\Programs\MiKTeX\tex/latex/graphics\keyval.sty"
Package: keyval 2014/10/28 v1.15 key=value parser (DPC)
\KV@toks@=\toks27
)
\captionmargin=\dimen149
\captionmargin@=\dimen150
\captionwidth=\dimen151
\caption@tempdima=\dimen152
\caption@indent=\dimen153
\caption@parindent=\dimen154
\caption@hangindent=\dimen155
Package caption Info: Standard document class detected.
)
\c@caption@flags=\count191
\c@continuedfloat=\count192
) ("C:\Users\Usman IlamDin\AppData\Local\Programs\MiKTeX\tex/latex/graphics\graphicx.sty"
Package: graphicx 2019/11/30 v1.2a Enhanced LaTeX Graphics (DPC,SPQR)
 ("C:\Users\Usman IlamDin\AppData\Local\Programs\MiKTeX\tex/latex/graphics\graphics.sty"
Package: graphics 2019/11/30 v1.4a Standard LaTeX Graphics (DPC,SPQR)
 ("C:\Users\Usman IlamDin\AppData\Local\Programs\MiKTeX\tex/latex/graphics\trig.sty"
Package: trig 2016/01/03 v1.10 sin cos tan (DPC)
) ("C:\Users\Usman IlamDin\AppData\Local\Programs\MiKTeX\tex/latex/graphics-cfg\graphics.cfg"
File: graphics.cfg 2016/06/04 v1.11 sample graphics configuration
)
Package graphics Info: Driver file: pdftex.def on input line 105.
 ("C:\Users\Usman IlamDin\AppData\Local\Programs\MiKTeX\tex/latex/graphics-def\pdftex.def"
File: pdftex.def 2018/01/08 v1.0l Graphics/color driver for pdftex
))
\Gin@req@height=\dimen156
\Gin@req@width=\dimen157
) ("C:\Users\Usman IlamDin\AppData\Local\Programs\MiKTeX\tex/latex/subfigure\subfigure.sty"
Package: subfigure 2002/07/30 v2.1.4 subfigure package
\subfigtopskip=\skip64
\subfigcapskip=\skip65
\subfigcaptopadj=\dimen158
\subfigbottomskip=\skip66
\subfigcapmargin=\dimen159
\subfiglabelskip=\skip67
\c@subfigure=\count193
\c@lofdepth=\count194
\c@subtable=\count195
\c@lotdepth=\count196

****************************************
* Local config file subfigure.cfg used *
****************************************
("C:\Users\Usman IlamDin\AppData\Local\Programs\MiKTeX\tex/latex/subfigure\subfigure.cfg")
\subfig@top=\skip68
\subfig@bottom=\skip69
) ("C:\Users\Usman IlamDin\AppData\Local\Programs\MiKTeX\tex/latex/booktabs\booktabs.sty"
Package: booktabs 2020/01/12 v1.61803398 Publication quality tables
\heavyrulewidth=\dimen160
\lightrulewidth=\dimen161
\cmidrulewidth=\dimen162
\belowrulesep=\dimen163
\belowbottomsep=\dimen164
\aboverulesep=\dimen165
\abovetopsep=\dimen166
\cmidrulesep=\dimen167
\cmidrulekern=\dimen168
\defaultaddspace=\dimen169
\@cmidla=\count197
\@cmidlb=\count198
\@aboverulesep=\dimen170
\@belowrulesep=\dimen171
\@thisruleclass=\count199
\@lastruleclass=\count266
\@thisrulewidth=\dimen172
) ("C:\Users\Usman IlamDin\AppData\Local\Programs\MiKTeX\tex/latex/graphics\rotating.sty"
Package: rotating 2016/08/11 v2.16d rotated objects in LaTeX
 ("C:\Users\Usman IlamDin\AppData\Local\Programs\MiKTeX\tex/latex/base\ifthen.sty"
Package: ifthen 2014/09/29 v1.1c Standard LaTeX ifthen package (DPC)
)
\c@r@tfl@t=\count267
\rotFPtop=\skip70
\rotFPbot=\skip71
\rot@float@box=\box47
\rot@mess@toks=\toks28
) ("C:\Users\Usman IlamDin\AppData\Local\Programs\MiKTeX\tex/latex/listings\listings.sty"
\lst@mode=\count268
\lst@gtempboxa=\box48
\lst@token=\toks29
\lst@length=\count269
\lst@currlwidth=\dimen173
\lst@column=\count270
\lst@pos=\count271
\lst@lostspace=\dimen174
\lst@width=\dimen175
\lst@newlines=\count272
\lst@lineno=\count273
\lst@maxwidth=\dimen176
 ("C:\Users\Usman IlamDin\AppData\Local\Programs\MiKTeX\tex/latex/listings\lstmisc.sty"
File: lstmisc.sty 2020/03/24 1.8d (Carsten Heinz)
\c@lstnumber=\count274
\lst@skipnumbers=\count275
\lst@framebox=\box49
) ("C:\Users\Usman IlamDin\AppData\Local\Programs\MiKTeX\tex/latex/listings\listings.cfg"
File: listings.cfg 2020/03/24 1.8d listings configuration
))
Package: listings 2020/03/24 1.8d (Carsten Heinz)
 ("C:\Users\Usman IlamDin\AppData\Local\Programs\MiKTeX\tex/latex/hyperref\hyperref.sty"
Package: hyperref 2020-05-15 v7.00e Hypertext links for LaTeX
 ("C:\Users\Usman IlamDin\AppData\Local\Programs\MiKTeX\tex/generic/ltxcmds\ltxcmds.sty"
Package: ltxcmds 2019/12/15 v1.24 LaTeX kernel commands for general use (HO)
) ("C:\Users\Usman IlamDin\AppData\Local\Programs\MiKTeX\tex/generic/iftex\iftex.sty"
Package: iftex 2020/03/06 v1.0d TeX engine tests
) ("C:\Users\Usman IlamDin\AppData\Local\Programs\MiKTeX\tex/generic/pdftexcmds\pdftexcmds.sty"
Package: pdftexcmds 2020-06-27 v0.33 Utility functions of pdfTeX for LuaTeX (HO)
 ("C:\Users\Usman IlamDin\AppData\Local\Programs\MiKTeX\tex/generic/infwarerr\infwarerr.sty"
Package: infwarerr 2019/12/03 v1.5 Providing info/warning/error messages (HO)
)
Package pdftexcmds Info: \pdf@primitive is available.
Package pdftexcmds Info: \pdf@ifprimitive is available.
Package pdftexcmds Info: \pdfdraftmode found.
) ("C:\Users\Usman IlamDin\AppData\Local\Programs\MiKTeX\tex/generic/kvsetkeys\kvsetkeys.sty"
Package: kvsetkeys 2019/12/15 v1.18 Key value parser (HO)
) ("C:\Users\Usman IlamDin\AppData\Local\Programs\MiKTeX\tex/generic/kvdefinekeys\kvdefinekeys.sty"
Package: kvdefinekeys 2019-12-19 v1.6 Define keys (HO)
) ("C:\Users\Usman IlamDin\AppData\Local\Programs\MiKTeX\tex/generic/pdfescape\pdfescape.sty"
Package: pdfescape 2019/12/09 v1.15 Implements pdfTeX's escape features (HO)
) ("C:\Users\Usman IlamDin\AppData\Local\Programs\MiKTeX\tex/latex/hycolor\hycolor.sty"
Package: hycolor 2020-01-27 v1.10 Color options for hyperref/bookmark (HO)
) ("C:\Users\Usman IlamDin\AppData\Local\Programs\MiKTeX\tex/latex/letltxmacro\letltxmacro.sty"
Package: letltxmacro 2019/12/03 v1.6 Let assignment for LaTeX macros (HO)
) ("C:\Users\Usman IlamDin\AppData\Local\Programs\MiKTeX\tex/latex/auxhook\auxhook.sty"
Package: auxhook 2019-12-17 v1.6 Hooks for auxiliary files (HO)
) ("C:\Users\Usman IlamDin\AppData\Local\Programs\MiKTeX\tex/latex/kvoptions\kvoptions.sty"
Package: kvoptions 2019/11/29 v3.13 Key value format for package options (HO)
)
\@linkdim=\dimen177
\Hy@linkcounter=\count276
\Hy@pagecounter=\count277
 ("C:\Users\Usman IlamDin\AppData\Local\Programs\MiKTeX\tex/latex/hyperref\pd1enc.def"
File: pd1enc.def 2020-05-15 v7.00e Hyperref: PDFDocEncoding definition (HO)
Now handling font encoding PD1 ...
... no UTF-8 mapping file for font encoding PD1
) ("C:\Users\Usman IlamDin\AppData\Local\Programs\MiKTeX\tex/generic/intcalc\intcalc.sty"
Package: intcalc 2019/12/15 v1.3 Expandable calculations with integers (HO)
) ("C:\Users\Usman IlamDin\AppData\Local\Programs\MiKTeX\tex/generic/etexcmds\etexcmds.sty"
Package: etexcmds 2019/12/15 v1.7 Avoid name clashes with e-TeX commands (HO)
)
\Hy@SavedSpaceFactor=\count278
Package hyperref Info: Option `bookmarks' set `true' on input line 4338.
Package hyperref Info: Option `bookmarksopen' set `true' on input line 4338.
Package hyperref Info: Option `bookmarksnumbered' set `true' on input line 4338.
Package hyperref Info: Option `hypertexnames' set `false' on input line 4338.
Package hyperref Info: Option `colorlinks' set `true' on input line 4338.
Package hyperref Info: Option `unicode' set `true' on input line 4338.
 ("C:\Users\Usman IlamDin\AppData\Local\Programs\MiKTeX\tex/latex/hyperref\puenc.def"
File: puenc.def 2020-05-15 v7.00e Hyperref: PDF Unicode definition (HO)
Now handling font encoding PU ...
... no UTF-8 mapping file for font encoding PU
)
Package hyperref Info: Option `breaklinks' set `true' on input line 4338.
Package hyperref Info: Hyper figures OFF on input line 4464.
Package hyperref Info: Link nesting OFF on input line 4469.
Package hyperref Info: Hyper index ON on input line 4472.
Package hyperref Info: Plain pages OFF on input line 4479.
Package hyperref Info: Backreferencing OFF on input line 4484.
Package hyperref Info: Implicit mode ON; LaTeX internals redefined.
Package hyperref Info: Bookmarks ON on input line 4717.
\c@Hy@tempcnt=\count279
 ("C:\Users\Usman IlamDin\AppData\Local\Programs\MiKTeX\tex/latex/url\url.sty"
\Urlmuskip=\muskip17
Package: url 2013/09/16  ver 3.4  Verb mode for urls, etc.
)
LaTeX Info: Redefining \url on input line 5076.
\XeTeXLinkMargin=\dimen178
 ("C:\Users\Usman IlamDin\AppData\Local\Programs\MiKTeX\tex/generic/bitset\bitset.sty"
Package: bitset 2019/12/09 v1.3 Handle bit-vector datatype (HO)
 ("C:\Users\Usman IlamDin\AppData\Local\Programs\MiKTeX\tex/generic/bigintcalc\bigintcalc.sty"
Package: bigintcalc 2019/12/15 v1.5 Expandable calculations on big integers (HO)
))
\Fld@menulength=\count280
\Field@Width=\dimen179
\Fld@charsize=\dimen180
Package hyperref Info: Hyper figures OFF on input line 6347.
Package hyperref Info: Link nesting OFF on input line 6352.
Package hyperref Info: Hyper index ON on input line 6355.
Package hyperref Info: backreferencing OFF on input line 6362.
Package hyperref Info: Link coloring ON on input line 6365.
Package hyperref Info: Link coloring with OCG OFF on input line 6372.
Package hyperref Info: PDF/A mode OFF on input line 6377.
LaTeX Info: Redefining \ref on input line 6417.
LaTeX Info: Redefining \pageref on input line 6421.
 ("C:\Users\Usman IlamDin\AppData\Local\Programs\MiKTeX\tex/generic/atbegshi\atbegshi.sty"
Package: atbegshi 2019/12/05 v1.19 At begin shipout hook (HO)
)
\Hy@abspage=\count281
\c@Item=\count282
\c@Hfootnote=\count283
)
Package hyperref Info: Driver (autodetected): hpdftex.
 ("C:\Users\Usman IlamDin\AppData\Local\Programs\MiKTeX\tex/latex/hyperref\hpdftex.def"
File: hpdftex.def 2020-05-15 v7.00e Hyperref driver for pdfTeX
 ("C:\Users\Usman IlamDin\AppData\Local\Programs\MiKTeX\tex/latex/atveryend\atveryend.sty"
Package: atveryend 2019-12-11 v1.11 Hooks at the very end of document (HO)
Package atveryend Info: \enddocument detected (standard20110627).
)
\Fld@listcount=\count284
\c@bookmark@seq@number=\count285
 ("C:\Users\Usman IlamDin\AppData\Local\Programs\MiKTeX\tex/latex/rerunfilecheck\rerunfilecheck.sty"
Package: rerunfilecheck 2019/12/05 v1.9 Rerun checks for auxiliary files (HO)
 ("C:\Users\Usman IlamDin\AppData\Local\Programs\MiKTeX\tex/generic/uniquecounter\uniquecounter.sty"
Package: uniquecounter 2019/12/15 v1.4 Provide unlimited unique counter (HO)
)
Package uniquecounter Info: New unique counter `rerunfilecheck' on input line 286.
)
\Hy@SectionHShift=\skip72
)
\c@dummy=\count286
 ("C:\Users\Usman IlamDin\AppData\Local\Programs\MiKTeX\tex/latex/tools\longtable.sty"
Package: longtable 2020/01/07 v4.13 Multi-page Table package (DPC)
\LTleft=\skip73
\LTright=\skip74
\LTpre=\skip75
\LTpost=\skip76
\LTchunksize=\count287
\LTcapwidth=\dimen181
\LT@head=\box50
\LT@firsthead=\box51
\LT@foot=\box52
\LT@lastfoot=\box53
\LT@cols=\count288
\LT@rows=\count289
\c@LT@tables=\count290
\c@LT@chunks=\count291
\LT@p@ftn=\toks30
)) ("C:\Users\Usman IlamDin\AppData\Local\Programs\MiKTeX\tex/latex/natbib\natbib.sty"
Package: natbib 2010/09/13 8.31b (PWD, AO)
\bibhang=\skip77
\bibsep=\skip78
LaTeX Info: Redefining \cite on input line 694.
\c@NAT@ctr=\count292
) ("C:\Users\Usman IlamDin\AppData\Local\Programs\MiKTeX\tex/latex/tools\verbatim.sty"
Package: verbatim 2019/11/10 v1.5r LaTeX2e package for verbatim enhancements
\every@verbatim=\toks31
\verbatim@line=\toks32
\verbatim@in@stream=\read2
) ("C:\Users\Usman IlamDin\AppData\Local\Programs\MiKTeX\tex/latex/vector\vector.sty"
Package: vector 1994/09/16 v1.0 vector macros for LaTeX2e (nde)
 ("C:\Users\Usman IlamDin\AppData\Local\Programs\MiKTeX\tex/latex/tools\calc.sty"
Package: calc 2017/05/25 v4.3 Infix arithmetic (KKT,FJ)
\calc@Acount=\count293
\calc@Bcount=\count294
\calc@Adimen=\dimen182
\calc@Bdimen=\dimen183
\calc@Askip=\skip79
\calc@Bskip=\skip80
LaTeX Info: Redefining \setlength on input line 80.
LaTeX Info: Redefining \addtolength on input line 81.
\calc@Ccount=\count295
\calc@Cskip=\skip81
)
\c@vec@elem=\count296
) ("C:\Users\Usman IlamDin\AppData\Local\Programs\MiKTeX\tex/latex/graphics\color.sty"
Package: color 2019/11/23 v1.2a Standard LaTeX Color (DPC)
 ("C:\Users\Usman IlamDin\AppData\Local\Programs\MiKTeX\tex/latex/graphics-cfg\color.cfg"
File: color.cfg 2016/01/02 v1.6 sample color configuration
)
Package color Info: Driver file: pdftex.def on input line 147.
) ("C:\Users\Usman IlamDin\AppData\Local\Programs\MiKTeX\tex/latex/pgf/frontendlayer\tikz.sty" ("C:\Users\Usman IlamDin\AppData\Local\Programs\MiKTeX\tex/latex/pgf/basiclayer\pgf.sty" ("C:\Users\Usman IlamDin\AppData\Local\Programs\MiKTeX\tex/latex/pgf/utilities\pgfrcs.sty" ("C:\Users\Usman IlamDin\AppData\Local\Programs\MiKTeX\tex/generic/pgf/utilities\pgfutil-common.tex"
\pgfutil@everybye=\toks33
\pgfutil@tempdima=\dimen184
\pgfutil@tempdimb=\dimen185
 ("C:\Users\Usman IlamDin\AppData\Local\Programs\MiKTeX\tex/generic/pgf/utilities\pgfutil-common-lists.tex")) ("C:\Users\Usman IlamDin\AppData\Local\Programs\MiKTeX\tex/generic/pgf/utilities\pgfutil-latex.def"
\pgfutil@abb=\box54
 ("C:\Users\Usman IlamDin\AppData\Local\Programs\MiKTeX\tex/latex/ms\everyshi.sty"
Package: everyshi 2001/05/15 v3.00 EveryShipout Package (MS)
)) ("C:\Users\Usman IlamDin\AppData\Local\Programs\MiKTeX\tex/generic/pgf/utilities\pgfrcs.code.tex" ("C:\Users\Usman IlamDin\AppData\Local\Programs\MiKTeX\tex/generic/pgf\pgf.revision.tex")
Package: pgfrcs 2020/01/08 v3.1.5b (3.1.5b)
))
Package: pgf 2020/01/08 v3.1.5b (3.1.5b)
 ("C:\Users\Usman IlamDin\AppData\Local\Programs\MiKTeX\tex/latex/pgf/basiclayer\pgfcore.sty" ("C:\Users\Usman IlamDin\AppData\Local\Programs\MiKTeX\tex/latex/pgf/systemlayer\pgfsys.sty" ("C:\Users\Usman IlamDin\AppData\Local\Programs\MiKTeX\tex/generic/pgf/systemlayer\pgfsys.code.tex"
Package: pgfsys 2020/01/08 v3.1.5b (3.1.5b)
 ("C:\Users\Usman IlamDin\AppData\Local\Programs\MiKTeX\tex/generic/pgf/utilities\pgfkeys.code.tex"
\pgfkeys@pathtoks=\toks34
\pgfkeys@temptoks=\toks35
 ("C:\Users\Usman IlamDin\AppData\Local\Programs\MiKTeX\tex/generic/pgf/utilities\pgfkeysfiltered.code.tex"
\pgfkeys@tmptoks=\toks36
))
\pgf@x=\dimen186
\pgf@y=\dimen187
\pgf@xa=\dimen188
\pgf@ya=\dimen189
\pgf@xb=\dimen190
\pgf@yb=\dimen191
\pgf@xc=\dimen192
\pgf@yc=\dimen193
\pgf@xd=\dimen194
\pgf@yd=\dimen195
\w@pgf@writea=\write3
\r@pgf@reada=\read3
\c@pgf@counta=\count297
\c@pgf@countb=\count298
\c@pgf@countc=\count299
\c@pgf@countd=\count300
\t@pgf@toka=\toks37
\t@pgf@tokb=\toks38
\t@pgf@tokc=\toks39
\pgf@sys@id@count=\count301
 ("C:\Users\Usman IlamDin\AppData\Local\Programs\MiKTeX\tex/generic/pgf/systemlayer\pgf.cfg"
File: pgf.cfg 2020/01/08 v3.1.5b (3.1.5b)
)
Driver file for pgf: pgfsys-pdftex.def
 ("C:\Users\Usman IlamDin\AppData\Local\Programs\MiKTeX\tex/generic/pgf/systemlayer\pgfsys-pdftex.def"
File: pgfsys-pdftex.def 2020/01/08 v3.1.5b (3.1.5b)
 ("C:\Users\Usman IlamDin\AppData\Local\Programs\MiKTeX\tex/generic/pgf/systemlayer\pgfsys-common-pdf.def"
File: pgfsys-common-pdf.def 2020/01/08 v3.1.5b (3.1.5b)
))) ("C:\Users\Usman IlamDin\AppData\Local\Programs\MiKTeX\tex/generic/pgf/systemlayer\pgfsyssoftpath.code.tex"
File: pgfsyssoftpath.code.tex 2020/01/08 v3.1.5b (3.1.5b)
\pgfsyssoftpath@smallbuffer@items=\count302
\pgfsyssoftpath@bigbuffer@items=\count303
) ("C:\Users\Usman IlamDin\AppData\Local\Programs\MiKTeX\tex/generic/pgf/systemlayer\pgfsysprotocol.code.tex"
File: pgfsysprotocol.code.tex 2020/01/08 v3.1.5b (3.1.5b)
)) ("C:\Users\Usman IlamDin\AppData\Local\Programs\MiKTeX\tex/latex/xcolor\xcolor.sty"
Package: xcolor 2016/05/11 v2.12 LaTeX color extensions (UK)
 ("C:\Users\Usman IlamDin\AppData\Local\Programs\MiKTeX\tex/latex/graphics-cfg\color.cfg"
File: color.cfg 2016/01/02 v1.6 sample color configuration
)
Package xcolor Info: Driver file: pdftex.def on input line 225.
LaTeX Info: Redefining \color on input line 709.
Package xcolor Info: Model `cmy' substituted by `cmy0' on input line 1348.
Package xcolor Info: Model `hsb' substituted by `rgb' on input line 1352.
Package xcolor Info: Model `RGB' extended on input line 1364.
Package xcolor Info: Model `HTML' substituted by `rgb' on input line 1366.
Package xcolor Info: Model `Hsb' substituted by `hsb' on input line 1367.
Package xcolor Info: Model `tHsb' substituted by `hsb' on input line 1368.
Package xcolor Info: Model `HSB' substituted by `hsb' on input line 1369.
Package xcolor Info: Model `Gray' substituted by `gray' on input line 1370.
Package xcolor Info: Model `wave' substituted by `hsb' on input line 1371.
) ("C:\Users\Usman IlamDin\AppData\Local\Programs\MiKTeX\tex/generic/pgf/basiclayer\pgfcore.code.tex"
Package: pgfcore 2020/01/08 v3.1.5b (3.1.5b)
 ("C:\Users\Usman IlamDin\AppData\Local\Programs\MiKTeX\tex/generic/pgf/math\pgfmath.code.tex" ("C:\Users\Usman IlamDin\AppData\Local\Programs\MiKTeX\tex/generic/pgf/math\pgfmathcalc.code.tex" ("C:\Users\Usman IlamDin\AppData\Local\Programs\MiKTeX\tex/generic/pgf/math\pgfmathutil.code.tex") ("C:\Users\Usman IlamDin\AppData\Local\Programs\MiKTeX\tex/generic/pgf/math\pgfmathparser.code.tex"
\pgfmath@dimen=\dimen196
\pgfmath@count=\count304
\pgfmath@box=\box55
\pgfmath@toks=\toks40
\pgfmath@stack@operand=\toks41
\pgfmath@stack@operation=\toks42
) ("C:\Users\Usman IlamDin\AppData\Local\Programs\MiKTeX\tex/generic/pgf/math\pgfmathfunctions.code.tex" ("C:\Users\Usman IlamDin\AppData\Local\Programs\MiKTeX\tex/generic/pgf/math\pgfmathfunctions.basic.code.tex") ("C:\Users\Usman IlamDin\AppData\Local\Programs\MiKTeX\tex/generic/pgf/math\pgfmathfunctions.trigonometric.code.tex") ("C:\Users\Usman IlamDin\AppData\Local\Programs\MiKTeX\tex/generic/pgf/math\pgfmathfunctions.random.code.tex") ("C:\Users\Usman IlamDin\AppData\Local\Programs\MiKTeX\tex/generic/pgf/math\pgfmathfunctions.comparison.code.tex") ("C:\Users\Usman IlamDin\AppData\Local\Programs\MiKTeX\tex/generic/pgf/math\pgfmathfunctions.base.code.tex") ("C:\Users\Usman IlamDin\AppData\Local\Programs\MiKTeX\tex/generic/pgf/math\pgfmathfunctions.round.code.tex") ("C:\Users\Usman IlamDin\AppData\Local\Programs\MiKTeX\tex/generic/pgf/math\pgfmathfunctions.misc.code.tex") ("C:\Users\Usman IlamDin\AppData\Local\Programs\MiKTeX\tex/generic/pgf/math\pgfmathfunctions.integerarithmetics.code.tex"))) ("C:\Users\Usman IlamDin\AppData\Local\Programs\MiKTeX\tex/generic/pgf/math\pgfmathfloat.code.tex"
\c@pgfmathroundto@lastzeros=\count305
)) ("C:\Users\Usman IlamDin\AppData\Local\Programs\MiKTeX\tex/generic/pgf/math\pgfint.code.tex") ("C:\Users\Usman IlamDin\AppData\Local\Programs\MiKTeX\tex/generic/pgf/basiclayer\pgfcorepoints.code.tex"
File: pgfcorepoints.code.tex 2020/01/08 v3.1.5b (3.1.5b)
\pgf@picminx=\dimen197
\pgf@picmaxx=\dimen198
\pgf@picminy=\dimen199
\pgf@picmaxy=\dimen256
\pgf@pathminx=\dimen257
\pgf@pathmaxx=\dimen258
\pgf@pathminy=\dimen259
\pgf@pathmaxy=\dimen260
\pgf@xx=\dimen261
\pgf@xy=\dimen262
\pgf@yx=\dimen263
\pgf@yy=\dimen264
\pgf@zx=\dimen265
\pgf@zy=\dimen266
) ("C:\Users\Usman IlamDin\AppData\Local\Programs\MiKTeX\tex/generic/pgf/basiclayer\pgfcorepathconstruct.code.tex"
File: pgfcorepathconstruct.code.tex 2020/01/08 v3.1.5b (3.1.5b)
\pgf@path@lastx=\dimen267
\pgf@path@lasty=\dimen268
) ("C:\Users\Usman IlamDin\AppData\Local\Programs\MiKTeX\tex/generic/pgf/basiclayer\pgfcorepathusage.code.tex"
File: pgfcorepathusage.code.tex 2020/01/08 v3.1.5b (3.1.5b)
\pgf@shorten@end@additional=\dimen269
\pgf@shorten@start@additional=\dimen270
) ("C:\Users\Usman IlamDin\AppData\Local\Programs\MiKTeX\tex/generic/pgf/basiclayer\pgfcorescopes.code.tex"
File: pgfcorescopes.code.tex 2020/01/08 v3.1.5b (3.1.5b)
\pgfpic=\box56
\pgf@hbox=\box57
\pgf@layerbox@main=\box58
\pgf@picture@serial@count=\count306
) ("C:\Users\Usman IlamDin\AppData\Local\Programs\MiKTeX\tex/generic/pgf/basiclayer\pgfcoregraphicstate.code.tex"
File: pgfcoregraphicstate.code.tex 2020/01/08 v3.1.5b (3.1.5b)
\pgflinewidth=\dimen271
) ("C:\Users\Usman IlamDin\AppData\Local\Programs\MiKTeX\tex/generic/pgf/basiclayer\pgfcoretransformations.code.tex"
File: pgfcoretransformations.code.tex 2020/01/08 v3.1.5b (3.1.5b)
\pgf@pt@x=\dimen272
\pgf@pt@y=\dimen273
\pgf@pt@temp=\dimen274
) ("C:\Users\Usman IlamDin\AppData\Local\Programs\MiKTeX\tex/generic/pgf/basiclayer\pgfcorequick.code.tex"
File: pgfcorequick.code.tex 2020/01/08 v3.1.5b (3.1.5b)
) ("C:\Users\Usman IlamDin\AppData\Local\Programs\MiKTeX\tex/generic/pgf/basiclayer\pgfcoreobjects.code.tex"
File: pgfcoreobjects.code.tex 2020/01/08 v3.1.5b (3.1.5b)
) ("C:\Users\Usman IlamDin\AppData\Local\Programs\MiKTeX\tex/generic/pgf/basiclayer\pgfcorepathprocessing.code.tex"
File: pgfcorepathprocessing.code.tex 2020/01/08 v3.1.5b (3.1.5b)
) ("C:\Users\Usman IlamDin\AppData\Local\Programs\MiKTeX\tex/generic/pgf/basiclayer\pgfcorearrows.code.tex"
File: pgfcorearrows.code.tex 2020/01/08 v3.1.5b (3.1.5b)
\pgfarrowsep=\dimen275
) ("C:\Users\Usman IlamDin\AppData\Local\Programs\MiKTeX\tex/generic/pgf/basiclayer\pgfcoreshade.code.tex"
File: pgfcoreshade.code.tex 2020/01/08 v3.1.5b (3.1.5b)
\pgf@max=\dimen276
\pgf@sys@shading@range@num=\count307
\pgf@shadingcount=\count308
) ("C:\Users\Usman IlamDin\AppData\Local\Programs\MiKTeX\tex/generic/pgf/basiclayer\pgfcoreimage.code.tex"
File: pgfcoreimage.code.tex 2020/01/08 v3.1.5b (3.1.5b)
 ("C:\Users\Usman IlamDin\AppData\Local\Programs\MiKTeX\tex/generic/pgf/basiclayer\pgfcoreexternal.code.tex"
File: pgfcoreexternal.code.tex 2020/01/08 v3.1.5b (3.1.5b)
\pgfexternal@startupbox=\box59
)) ("C:\Users\Usman IlamDin\AppData\Local\Programs\MiKTeX\tex/generic/pgf/basiclayer\pgfcorelayers.code.tex"
File: pgfcorelayers.code.tex 2020/01/08 v3.1.5b (3.1.5b)
) ("C:\Users\Usman IlamDin\AppData\Local\Programs\MiKTeX\tex/generic/pgf/basiclayer\pgfcoretransparency.code.tex"
File: pgfcoretransparency.code.tex 2020/01/08 v3.1.5b (3.1.5b)
) ("C:\Users\Usman IlamDin\AppData\Local\Programs\MiKTeX\tex/generic/pgf/basiclayer\pgfcorepatterns.code.tex"
File: pgfcorepatterns.code.tex 2020/01/08 v3.1.5b (3.1.5b)
) ("C:\Users\Usman IlamDin\AppData\Local\Programs\MiKTeX\tex/generic/pgf/basiclayer\pgfcorerdf.code.tex"
File: pgfcorerdf.code.tex 2020/01/08 v3.1.5b (3.1.5b)
))) ("C:\Users\Usman IlamDin\AppData\Local\Programs\MiKTeX\tex/generic/pgf/modules\pgfmoduleshapes.code.tex"
File: pgfmoduleshapes.code.tex 2020/01/08 v3.1.5b (3.1.5b)
\pgfnodeparttextbox=\box60
) ("C:\Users\Usman IlamDin\AppData\Local\Programs\MiKTeX\tex/generic/pgf/modules\pgfmoduleplot.code.tex"
File: pgfmoduleplot.code.tex 2020/01/08 v3.1.5b (3.1.5b)
) ("C:\Users\Usman IlamDin\AppData\Local\Programs\MiKTeX\tex/latex/pgf/compatibility\pgfcomp-version-0-65.sty"
Package: pgfcomp-version-0-65 2020/01/08 v3.1.5b (3.1.5b)
\pgf@nodesepstart=\dimen277
\pgf@nodesepend=\dimen278
) ("C:\Users\Usman IlamDin\AppData\Local\Programs\MiKTeX\tex/latex/pgf/compatibility\pgfcomp-version-1-18.sty"
Package: pgfcomp-version-1-18 2020/01/08 v3.1.5b (3.1.5b)
)) ("C:\Users\Usman IlamDin\AppData\Local\Programs\MiKTeX\tex/latex/pgf/utilities\pgffor.sty" ("C:\Users\Usman IlamDin\AppData\Local\Programs\MiKTeX\tex/latex/pgf/utilities\pgfkeys.sty" ("C:\Users\Usman IlamDin\AppData\Local\Programs\MiKTeX\tex/generic/pgf/utilities\pgfkeys.code.tex")) ("C:\Users\Usman IlamDin\AppData\Local\Programs\MiKTeX\tex/latex/pgf/math\pgfmath.sty" ("C:\Users\Usman IlamDin\AppData\Local\Programs\MiKTeX\tex/generic/pgf/math\pgfmath.code.tex"))
("C:\Users\Usman IlamDin\AppData\Local\Programs\MiKTeX\tex/generic/pgf/utilities\pgffor.code.tex"
Package: pgffor 2020/01/08 v3.1.5b (3.1.5b)
 ("C:\Users\Usman IlamDin\AppData\Local\Programs\MiKTeX\tex/generic/pgf/math\pgfmath.code.tex")
\pgffor@iter=\dimen279
\pgffor@skip=\dimen280
\pgffor@stack=\toks43
\pgffor@toks=\toks44
)) ("C:\Users\Usman IlamDin\AppData\Local\Programs\MiKTeX\tex/generic/pgf/frontendlayer/tikz\tikz.code.tex"
Package: tikz 2020/01/08 v3.1.5b (3.1.5b)
 ("C:\Users\Usman IlamDin\AppData\Local\Programs\MiKTeX\tex/generic/pgf/libraries\pgflibraryplothandlers.code.tex"
File: pgflibraryplothandlers.code.tex 2020/01/08 v3.1.5b (3.1.5b)
\pgf@plot@mark@count=\count309
\pgfplotmarksize=\dimen281
)
\tikz@lastx=\dimen282
\tikz@lasty=\dimen283
\tikz@lastxsaved=\dimen284
\tikz@lastysaved=\dimen285
\tikz@lastmovetox=\dimen286
\tikz@lastmovetoy=\dimen287
\tikzleveldistance=\dimen288
\tikzsiblingdistance=\dimen289
\tikz@figbox=\box61
\tikz@figbox@bg=\box62
\tikz@tempbox=\box63
\tikz@tempbox@bg=\box64
\tikztreelevel=\count310
\tikznumberofchildren=\count311
\tikznumberofcurrentchild=\count312
\tikz@fig@count=\count313
 ("C:\Users\Usman IlamDin\AppData\Local\Programs\MiKTeX\tex/generic/pgf/modules\pgfmodulematrix.code.tex"
File: pgfmodulematrix.code.tex 2020/01/08 v3.1.5b (3.1.5b)
\pgfmatrixcurrentrow=\count314
\pgfmatrixcurrentcolumn=\count315
\pgf@matrix@numberofcolumns=\count316
)
\tikz@expandcount=\count317
 ("C:\Users\Usman IlamDin\AppData\Local\Programs\MiKTeX\tex/generic/pgf/frontendlayer/tikz/libraries\tikzlibrarytopaths.code.tex"
File: tikzlibrarytopaths.code.tex 2020/01/08 v3.1.5b (3.1.5b)
))) ("C:\Users\Usman IlamDin\AppData\Local\Programs\MiKTeX\tex/latex/pgfplots\pgfplots.sty" ("C:\Users\Usman IlamDin\AppData\Local\Programs\MiKTeX\tex/generic/pgfplots\pgfplots.revision.tex")
Package: pgfplots 2020/02/29 v1.17 Data Visualization (1.17)
 ("C:\Users\Usman IlamDin\AppData\Local\Programs\MiKTeX\tex/generic/pgfplots\pgfplots.code.tex" ("C:\Users\Usman IlamDin\AppData\Local\Programs\MiKTeX\tex/generic/pgfplots\pgfplotscore.code.tex"
\t@pgfplots@toka=\toks45
\t@pgfplots@tokb=\toks46
\t@pgfplots@tokc=\toks47
\pgfplots@tmpa=\dimen290
\c@pgfplots@coordindex=\count318
\c@pgfplots@scanlineindex=\count319
 ("C:\Users\Usman IlamDin\AppData\Local\Programs\MiKTeX\tex/generic/pgfplots/sys\pgfplotssysgeneric.code.tex")) ("C:\Users\Usman IlamDin\AppData\Local\Programs\MiKTeX\tex/generic/pgfplots/libs\pgfplotslibrary.code.tex") ("C:\Users\Usman IlamDin\AppData\Local\Programs\MiKTeX\tex/generic/pgfplots/oldpgfcompatib\pgfplotsoldpgfsupp_loader.code.tex" ("C:\Users\Usman IlamDin\AppData\Local\Programs\MiKTeX\tex/generic/pgf/libraries\pgflibraryfpu.code.tex")) ("C:\Users\Usman IlamDin\AppData\Local\Programs\MiKTeX\tex/generic/pgfplots/util\pgfplotsutil.code.tex" ("C:\Users\Usman IlamDin\AppData\Local\Programs\MiKTeX\tex/generic/pgfplots/liststructure\pgfplotsliststructure.code.tex") ("C:\Users\Usman IlamDin\AppData\Local\Programs\MiKTeX\tex/generic/pgfplots/liststructure\pgfplotsliststructureext.code.tex") ("C:\Users\Usman IlamDin\AppData\Local\Programs\MiKTeX\tex/generic/pgfplots/liststructure\pgfplotsarray.code.tex"
\c@pgfplotsarray@tmp=\count320
) ("C:\Users\Usman IlamDin\AppData\Local\Programs\MiKTeX\tex/generic/pgfplots/liststructure\pgfplotsmatrix.code.tex") ("C:\Users\Usman IlamDin\AppData\Local\Programs\MiKTeX\tex/generic/pgfplots/numtable\pgfplotstableshared.code.tex"
\c@pgfplotstable@counta=\count321
\t@pgfplotstable@a=\toks48
) ("C:\Users\Usman IlamDin\AppData\Local\Programs\MiKTeX\tex/generic/pgfplots/liststructure\pgfplotsdeque.code.tex") ("C:\Users\Usman IlamDin\AppData\Local\Programs\MiKTeX\tex/generic/pgfplots/util\pgfplotsbinary.code.tex" ("C:\Users\Usman IlamDin\AppData\Local\Programs\MiKTeX\tex/generic/pgfplots/util\pgfplotsbinary.data.code.tex")) ("C:\Users\Usman IlamDin\AppData\Local\Programs\MiKTeX\tex/generic/pgfplots/util\pgfplotsutil.verb.code.tex") ("C:\Users\Usman IlamDin\AppData\Local\Programs\MiKTeX\tex/generic/pgfplots/libs\pgflibrarypgfplots.surfshading.code.tex"
\c@pgfplotslibrarysurf@no=\count322
 ("C:\Users\Usman IlamDin\AppData\Local\Programs\MiKTeX\tex/generic/pgfplots/sys\pgflibrarypgfplots.surfshading.pgfsys-pdftex.def"))) ("C:\Users\Usman IlamDin\AppData\Local\Programs\MiKTeX\tex/generic/pgfplots/util\pgfplotscolormap.code.tex" ("C:\Users\Usman IlamDin\AppData\Local\Programs\MiKTeX\tex/generic/pgfplots/util\pgfplotscolor.code.tex")) ("C:\Users\Usman IlamDin\AppData\Local\Programs\MiKTeX\tex/generic/pgfplots\pgfplotsstackedplots.code.tex") ("C:\Users\Usman IlamDin\AppData\Local\Programs\MiKTeX\tex/generic/pgfplots\pgfplotsplothandlers.code.tex" ("C:\Users\Usman IlamDin\AppData\Local\Programs\MiKTeX\tex/generic/pgfplots\pgfplotsmeshplothandler.code.tex" ("C:\Users\Usman IlamDin\AppData\Local\Programs\MiKTeX\tex/generic/pgfplots\pgfplotsmeshplotimage.code.tex"))) ("C:\Users\Usman IlamDin\AppData\Local\Programs\MiKTeX\tex/generic/pgfplots\pgfplots.scaling.code.tex") ("C:\Users\Usman IlamDin\AppData\Local\Programs\MiKTeX\tex/generic/pgfplots\pgfplotscoordprocessing.code.tex") ("C:\Users\Usman IlamDin\AppData\Local\Programs\MiKTeX\tex/generic/pgfplots\pgfplots.errorbars.code.tex") ("C:\Users\Usman IlamDin\AppData\Local\Programs\MiKTeX\tex/generic/pgfplots\pgfplots.markers.code.tex") ("C:\Users\Usman IlamDin\AppData\Local\Programs\MiKTeX\tex/generic/pgfplots\pgfplotsticks.code.tex") ("C:\Users\Usman IlamDin\AppData\Local\Programs\MiKTeX\tex/generic/pgfplots\pgfplots.paths.code.tex") ("C:\Users\Usman IlamDin\AppData\Local\Programs\MiKTeX\tex/generic/pgf/frontendlayer/tikz/libraries\tikzlibrarydecorations.code.tex" ("C:\Users\Usman IlamDin\AppData\Local\Programs\MiKTeX\tex/generic/pgf/modules\pgfmoduledecorations.code.tex"
\pgfdecoratedcompleteddistance=\dimen291
\pgfdecoratedremainingdistance=\dimen292
\pgfdecoratedinputsegmentcompleteddistance=\dimen293
\pgfdecoratedinputsegmentremainingdistance=\dimen294
\pgf@decorate@distancetomove=\dimen295
\pgf@decorate@repeatstate=\count323
\pgfdecorationsegmentamplitude=\dimen296
\pgfdecorationsegmentlength=\dimen297
)
\tikz@lib@dec@box=\box65
) ("C:\Users\Usman IlamDin\AppData\Local\Programs\MiKTeX\tex/generic/pgf/frontendlayer/tikz/libraries\tikzlibrarydecorations.pathmorphing.code.tex" ("C:\Users\Usman IlamDin\AppData\Local\Programs\MiKTeX\tex/generic/pgf/libraries/decorations\pgflibrarydecorations.pathmorphing.code.tex")) ("C:\Users\Usman IlamDin\AppData\Local\Programs\MiKTeX\tex/generic/pgf/frontendlayer/tikz/libraries\tikzlibrarydecorations.pathreplacing.code.tex" ("C:\Users\Usman IlamDin\AppData\Local\Programs\MiKTeX\tex/generic/pgf/libraries/decorations\pgflibrarydecorations.pathreplacing.code.tex"))
\pgfplots@numplots=\count324
\pgfplots@xmin@reg=\dimen298
\pgfplots@xmax@reg=\dimen299
\pgfplots@ymin@reg=\dimen300
\pgfplots@ymax@reg=\dimen301
\pgfplots@zmin@reg=\dimen302
\pgfplots@zmax@reg=\dimen303
) ("C:\Users\Usman IlamDin\AppData\Local\Programs\MiKTeX\tex/generic/pgf/frontendlayer/tikz/libraries\tikzlibraryplotmarks.code.tex"
File: tikzlibraryplotmarks.code.tex 2020/01/08 v3.1.5b (3.1.5b)
 ("C:\Users\Usman IlamDin\AppData\Local\Programs\MiKTeX\tex/generic/pgf/libraries\pgflibraryplotmarks.code.tex"
File: pgflibraryplotmarks.code.tex 2020/01/08 v3.1.5b (3.1.5b)
))) ("C:\Users\Usman IlamDin\AppData\Local\Programs\MiKTeX\tex/generic/pgf/frontendlayer/tikz/libraries\tikzlibrarypositioning.code.tex"
File: tikzlibrarypositioning.code.tex 2020/01/08 v3.1.5b (3.1.5b)
) ("C:\Users\Usman IlamDin\AppData\Local\Programs\MiKTeX\tex/generic/pgf/frontendlayer/tikz/libraries\tikzlibraryarrows.code.tex"
File: tikzlibraryarrows.code.tex 2020/01/08 v3.1.5b (3.1.5b)
 ("C:\Users\Usman IlamDin\AppData\Local\Programs\MiKTeX\tex/generic/pgf/libraries\pgflibraryarrows.code.tex"
File: pgflibraryarrows.code.tex 2020/01/08 v3.1.5b (3.1.5b)
\arrowsize=\dimen304
)) ("C:\Users\Usman IlamDin\AppData\Local\Programs\MiKTeX\tex/generic/pgf/frontendlayer/tikz/libraries\tikzlibrarycalc.code.tex"
File: tikzlibrarycalc.code.tex 2020/01/08 v3.1.5b (3.1.5b)
) ("C:\Users\Usman IlamDin\AppData\Local\Programs\MiKTeX\tex/latex/circuitikz\circuitikz.sty"
Package: circuitikz 2020/08/07{} The CircuiTikz circuit drawing package version 1.2.3
 ("C:\Users\Usman IlamDin\AppData\Local\Programs\MiKTeX\tex/generic/pgf/libraries\pgflibraryarrows.meta.code.tex"
File: pgflibraryarrows.meta.code.tex 2020/01/08 v3.1.5b (3.1.5b)
\pgfarrowinset=\dimen305
\pgfarrowlength=\dimen306
\pgfarrowwidth=\dimen307
\pgfarrowlinewidth=\dimen308
) ("C:\Users\Usman IlamDin\AppData\Local\Programs\MiKTeX\tex/generic/pgf/frontendlayer/tikz/libraries\tikzlibrarybending.code.tex"
File: tikzlibrarybending.code.tex 2020/01/08 v3.1.5b (3.1.5b)
 ("C:\Users\Usman IlamDin\AppData\Local\Programs\MiKTeX\tex/generic/pgf/modules\pgfmodulebending.code.tex"
File: pgfmodulebending.code.tex 2020/01/08 v3.1.5b (3.1.5b)
 ("C:\Users\Usman IlamDin\AppData\Local\Programs\MiKTeX\tex/generic/pgf/modules\pgfmodulenonlineartransformations.code.tex"
File: pgfmodulenonlineartransformations.code.tex 2020/01/08 v3.1.5b (3.1.5b)
\pgftransformnonlinearflatness=\dimen309
) ("C:\Users\Usman IlamDin\AppData\Local\Programs\MiKTeX\tex/generic/pgf/libraries\pgflibrarycurvilinear.code.tex"
File: pgflibrarycurvilinear.code.tex 2020/01/08 v3.1.5b (3.1.5b)
\pgf@curvilinear@time@a=\dimen310
\pgf@curvilinear@length@a=\dimen311
\pgf@curvilinear@length@b=\dimen312
\pgf@curvilinear@length@c=\dimen313
\pgf@curvilinear@length@d=\dimen314
)
\pgf@arrows@the@rigidity=\dimen315
)) ("C:\Users\Usman IlamDin\AppData\Local\Programs\MiKTeX\tex/generic/pgf/frontendlayer/tikz/libraries\tikzlibraryfpu.code.tex") ("C:\Users\Usman IlamDin\AppData\Local\Programs\MiKTeX\tex/generic/circuitikz\pgfcirc.defines.tex"
\pgf@circ@count@a=\count325
\pgf@circ@count@b=\count326
\pgf@circ@count@c=\count327
\pgf@circ@res@up=\dimen316
\pgf@circ@res@down=\dimen317
\pgf@circ@res@zero=\dimen318
\pgf@circ@res@left=\dimen319
\pgf@circ@res@right=\dimen320
\pgf@circ@res@other=\dimen321
\pgf@circ@res@step=\dimen322
\pgf@circ@res@temp=\dimen323
\pgf@circ@Rlen=\dimen324
\pgf@circ@scaled@Rlen=\dimen325
\pgfstartlinewidth=\dimen326
) ("C:\Users\Usman IlamDin\AppData\Local\Programs\MiKTeX\tex/generic/circuitikz\pgfcircutils.tex") ("C:\Users\Usman IlamDin\AppData\Local\Programs\MiKTeX\tex/generic/circuitikz\pgfcircshapes.tex") ("C:\Users\Usman IlamDin\AppData\Local\Programs\MiKTeX\tex/generic/circuitikz\pgfcircmonopoles.tex") ("C:\Users\Usman IlamDin\AppData\Local\Programs\MiKTeX\tex/generic/circuitikz\pgfcircbipoles.tex") ("C:\Users\Usman IlamDin\AppData\Local\Programs\MiKTeX\tex/generic/circuitikz\pgfcirctripoles.tex"
\pgf@circ@res@count=\count328
) ("C:\Users\Usman IlamDin\AppData\Local\Programs\MiKTeX\tex/generic/circuitikz\pgfcircquadpoles.tex") ("C:\Users\Usman IlamDin\AppData\Local\Programs\MiKTeX\tex/generic/circuitikz\pgfcircmultipoles.tex") ("C:\Users\Usman IlamDin\AppData\Local\Programs\MiKTeX\tex/generic/circuitikz\pgfcirclabel.tex") ("C:\Users\Usman IlamDin\AppData\Local\Programs\MiKTeX\tex/generic/circuitikz\pgfcircvoltage.tex"
\pgfcirc@labelshift=\dimen327
) ("C:\Users\Usman IlamDin\AppData\Local\Programs\MiKTeX\tex/generic/circuitikz\pgfcirccurrent.tex") ("C:\Users\Usman IlamDin\AppData\Local\Programs\MiKTeX\tex/generic/circuitikz\pgfcircflow.tex") ("C:\Users\Usman IlamDin\AppData\Local\Programs\MiKTeX\tex/generic/circuitikz\pgfcircpath.tex")

Package circuitikz Warning: You did not specify one of the voltage directions:
(circuitikz)                  oldvoltagedirection, nooldvoltagedirection, 
(circuitikz)                  RPvoltages or EFvoltages 
(circuitikz)                Default directions may have changed, 
(circuitikz)                please check the manual.

) ("C:\Users\Usman IlamDin\AppData\Local\Programs\MiKTeX\tex/latex/listings\lstlang1.sty"
File: lstlang1.sty 2020/03/24 1.8d listings language file
) ("C:\Users\Usman IlamDin\AppData\Local\Programs\MiKTeX\tex/latex/listings\lstmisc.sty"
File: lstmisc.sty 2020/03/24 1.8d (Carsten Heinz)
)
Package hyperref Info: Option `colorlinks' set `true' on input line 99.
 ("C:\Users\Usman IlamDin\AppData\Local\Programs\MiKTeX\tex/latex/titlesec\titlesec.sty"
Package: titlesec 2019/10/16 v2.13 Sectioning titles
\ttl@box=\box66
\beforetitleunit=\skip82
\aftertitleunit=\skip83
\ttl@plus=\dimen328
\ttl@minus=\dimen329
\ttl@toksa=\toks49
\titlewidth=\dimen330
\titlewidthlast=\dimen331
\titlewidthfirst=\dimen332
) ("C:\Users\Usman IlamDin\AppData\Local\Programs\MiKTeX\tex/latex/l3backend\l3backend-pdfmode.def"
File: l3backend-pdfmode.def 2020-08-07 L3 backend support: PDF mode
\l__kernel_color_stack_int=\count329
\l__pdf_internal_box=\box67
) ("c:/Users\Usman IlamDin\Documents\GitHub\power-electronics-project\Report\uet_thesis.aux"

LaTeX Warning: Label `fig:1' multiply defined.


LaTeX Warning: Label `fig:1' multiply defined.


LaTeX Warning: Label `Chapter5' multiply defined.


LaTeX Warning: Label `Chapter5' multiply defined.

)
\openout1 = `uet_thesis.aux'.

LaTeX Font Info:    Checking defaults for OML/cmm/m/it on input line 113.
LaTeX Font Info:    ... okay on input line 113.
LaTeX Font Info:    Checking defaults for OMS/cmsy/m/n on input line 113.
LaTeX Font Info:    ... okay on input line 113.
LaTeX Font Info:    Checking defaults for OT1/cmr/m/n on input line 113.
LaTeX Font Info:    ... okay on input line 113.
LaTeX Font Info:    Checking defaults for T1/cmr/m/n on input line 113.
LaTeX Font Info:    ... okay on input line 113.
LaTeX Font Info:    Checking defaults for TS1/cmr/m/n on input line 113.
LaTeX Font Info:    ... okay on input line 113.
LaTeX Font Info:    Checking defaults for OMX/cmex/m/n on input line 113.
LaTeX Font Info:    ... okay on input line 113.
LaTeX Font Info:    Checking defaults for U/cmr/m/n on input line 113.
LaTeX Font Info:    ... okay on input line 113.
LaTeX Font Info:    Checking defaults for PD1/pdf/m/n on input line 113.
LaTeX Font Info:    ... okay on input line 113.
LaTeX Font Info:    Checking defaults for PU/pdf/m/n on input line 113.
LaTeX Font Info:    ... okay on input line 113.
Package caption Info: Begin \AtBeginDocument code.
Package caption Info: hyperref package is loaded.
Package caption Info: listings package is loaded.
Package caption Info: longtable package is loaded.
 ("C:\Users\Usman IlamDin\AppData\Local\Programs\MiKTeX\tex/latex/caption\ltcaption.sty"
Package: ltcaption 2020/05/30 v1.4b longtable captions (AR)
)
Package caption Info: rotating package is loaded.
Package caption Info: subfigure package is loaded.
Package caption Info: End \AtBeginDocument code.
 ("C:\Users\Usman IlamDin\AppData\Local\Programs\MiKTeX\tex/context/base/mkii\supp-pdf.mkii"
[Loading MPS to PDF converter (version 2006.09.02).]
\scratchcounter=\count330
\scratchdimen=\dimen333
\scratchbox=\box68
\nofMPsegments=\count331
\nofMParguments=\count332
\everyMPshowfont=\toks50
\MPscratchCnt=\count333
\MPscratchDim=\dimen334
\MPnumerator=\count334
\makeMPintoPDFobject=\count335
\everyMPtoPDFconversion=\toks51
) ("C:\Users\Usman IlamDin\AppData\Local\Programs\MiKTeX\tex/latex/epstopdf-pkg\epstopdf-base.sty"
Package: epstopdf-base 2020-01-24 v2.11 Base part for package epstopdf
Package epstopdf-base Info: Redefining graphics rule for `.eps' on input line 485.
)
\c@lstlisting=\count336
\AtBeginShipoutBox=\box69
Package hyperref Info: Link coloring ON on input line 113.
 ("C:\Users\Usman IlamDin\AppData\Local\Programs\MiKTeX\tex/latex/hyperref\nameref.sty"
Package: nameref 2019/09/16 v2.46 Cross-referencing by name of section
 ("C:\Users\Usman IlamDin\AppData\Local\Programs\MiKTeX\tex/latex/refcount\refcount.sty"
Package: refcount 2019/12/15 v3.6 Data extraction from label references (HO)
) ("C:\Users\Usman IlamDin\AppData\Local\Programs\MiKTeX\tex/generic/gettitlestring\gettitlestring.sty"
Package: gettitlestring 2019/12/15 v1.6 Cleanup title references (HO)
)
\c@section@level=\count337
)
LaTeX Info: Redefining \ref on input line 113.
LaTeX Info: Redefining \pageref on input line 113.
LaTeX Info: Redefining \nameref on input line 113.
 ("c:/Users\Usman IlamDin\Documents\GitHub\power-electronics-project\Report\uet_thesis.out") ("c:/Users\Usman IlamDin\Documents\GitHub\power-electronics-project\Report\uet_thesis.out")
\@outlinefile=\write4
\openout4 = `uet_thesis.out'.

 ABD: EveryShipout initializing macros

Package pgfplots Warning: running in backwards compatibility mode (unsuitable tick labels; missing features). Consider writing \pgfplotsset{compat=1.17} into your preamble.
 on input line 113.

-------------------------------------------
 Title Page
-------------------------------------------

Package hyperref Warning: Token not allowed in a PDF string (Unicode):
(hyperref)                removing `\kernel@ifnextchar' on input line 133.

<./Figures/uet_logo.pdf, id=178, 150.5625pt x 150.5625pt>
File: ./Figures/uet_logo.pdf Graphic file (type pdf)
<use ./Figures/uet_logo.pdf>
Package pdftex.def Info: ./Figures/uet_logo.pdf  used on input line 133.
(pdftex.def)             Requested size: 150.56212pt x 150.56212pt.
[1



{C:/Users/Usman IlamDin/AppData/Local/MiKTeX/pdftex/config/pdftex.map} <./Figures/uet_logo.pdf>]
-------------------------------------------
 Declaration of Authorship
-------------------------------------------
[1

]
-------------------------------------------
 Table of Contents
-------------------------------------------
("c:/Users\Usman IlamDin\Documents\GitHub\power-electronics-project\Report\uet_thesis.toc"
LaTeX Font Info:    Trying to load font information for U+msa on input line 6.
 ("C:\Users\Usman IlamDin\AppData\Local\Programs\MiKTeX\tex/latex/amsfonts\umsa.fd"
File: umsa.fd 2013/01/14 v3.01 AMS symbols A
)
LaTeX Font Info:    Trying to load font information for U+msb on input line 6.
 ("C:\Users\Usman IlamDin\AppData\Local\Programs\MiKTeX\tex/latex/amsfonts\umsb.fd"
File: umsb.fd 2013/01/14 v3.01 AMS symbols B
) [2


])
\tf@toc=\write5
\openout5 = `uet_thesis.toc'.

 [3]
-------------------------------------------
 List of Figures
-------------------------------------------
("c:/Users\Usman IlamDin\Documents\GitHub\power-electronics-project\Report\uet_thesis.lof")
\tf@lof=\write6
\openout6 = `uet_thesis.lof'.

 [4


]
-------------------------------------------
 Abstract Page
-------------------------------------------
[5


] (Chapters/Chapter1.tex
Chapter 1.
-------------------------------------------
 1 Introduction
-------------------------------------------
) (Chapters/Chapter2.tex [1



]
Chapter 2.
-------------------------------------------
 2 Literature Review
-------------------------------------------
[2

]
<./Figures/rectifier.jpg, id=346, 545.78906pt x 355.3275pt>
File: ./Figures/rectifier.jpg Graphic file (type jpg)
<use ./Figures/rectifier.jpg>
Package pdftex.def Info: ./Figures/rectifier.jpg  used on input line 62.
(pdftex.def)             Requested size: 289.07999pt x 188.19797pt.
 [3 <./Figures/rectifier.jpg>]

pdfTeX warning: pdflatex (file ./Figures/Picture1.pdf): PDF inclusion: found PDF version <1.7>, but at most version <1.5> allowed
<./Figures/Picture1.pdf, id=354, 392.96812pt x 149.8097pt>
File: ./Figures/Picture1.pdf Graphic file (type pdf)
<use ./Figures/Picture1.pdf>
Package pdftex.def Info: ./Figures/Picture1.pdf  used on input line 78.
(pdftex.def)             Requested size: 289.07999pt x 110.2128pt.

Overfull \hbox (7.15807pt too wide) in paragraph at lines 83--87
\OT1/cmr/m/n/10.95 The ba-sic com-po-nent of an in-verter is fast work-ing switch like IGBT or MOS-FET.However,
 []



pdfTeX warning: pdflatex (file ./Figures/Mosfet.pdf): PDF inclusion: found PDF version <1.7>, but at most version <1.5> allowed
<./Figures/Mosfet.pdf, id=356, 461.47406pt x 307.1475pt>
File: ./Figures/Mosfet.pdf Graphic file (type pdf)
<use ./Figures/Mosfet.pdf>
Package pdftex.def Info: ./Figures/Mosfet.pdf  used on input line 98.
(pdftex.def)             Requested size: 144.54pt x 96.20363pt.


pdfTeX warning: pdflatex (file ./Figures/Picture2.pdf): PDF inclusion: found PDF version <1.7>, but at most version <1.5> allowed
<./Figures/Picture2.pdf, id=358, 441.90094pt x 364.36125pt>
File: ./Figures/Picture2.pdf Graphic file (type pdf)
<use ./Figures/Picture2.pdf>
Package pdftex.def Info: ./Figures/Picture2.pdf  used on input line 107.
(pdftex.def)             Requested size: 216.81pt x 178.76651pt.
[4 <./Figures/Picture1.pdf>] [5 <./Figures/Mosfet.pdf> <./Figures/Picture2.pdf>]
<./Figures/Picture3.jpg, id=376, 280.79906pt x 302.63063pt>
File: ./Figures/Picture3.jpg Graphic file (type jpg)
<use ./Figures/Picture3.jpg>
Package pdftex.def Info: ./Figures/Picture3.jpg  used on input line 155.
(pdftex.def)             Requested size: 361.34999pt x 389.46695pt.


pdfTeX warning: pdflatex (file ./Figures/h-bridge.pdf): PDF inclusion: found PDF version <1.7>, but at most version <1.5> allowed
<./Figures/h-bridge.pdf, id=379, 538.26094pt x 270.25969pt>
File: ./Figures/h-bridge.pdf Graphic file (type pdf)
<use ./Figures/h-bridge.pdf>
Package pdftex.def Info: ./Figures/h-bridge.pdf  used on input line 174.
(pdftex.def)             Requested size: 361.34999pt x 181.43594pt.
[6] [7 <./Figures/Picture3.jpg> <./Figures/h-bridge.pdf>]

pdfTeX warning: pdflatex (file ./Figures/Doc1.pdf): PDF inclusion: found PDF version <1.7>, but at most version <1.5> allowed
<./Figures/Doc1.pdf, id=398, 713.66624pt x 402.75468pt>
File: ./Figures/Doc1.pdf Graphic file (type pdf)
<use ./Figures/Doc1.pdf>
Package pdftex.def Info: ./Figures/Doc1.pdf  used on input line 204.
(pdftex.def)             Requested size: 252.94499pt x 142.74844pt.
[8 <./Figures/Doc1.pdf>] [9]
<./Figures/LCLfilter.jpg, id=411, 450.9347pt x 188.20313pt>
File: ./Figures/LCLfilter.jpg Graphic file (type jpg)
<use ./Figures/LCLfilter.jpg>
Package pdftex.def Info: ./Figures/LCLfilter.jpg  used on input line 266.
(pdftex.def)             Requested size: 289.07999pt x 120.65634pt.
) (Chapters/Chapter3.tex [10 <./Figures/LCLfilter.jpg>]
Chapter 3.
-------------------------------------------
 3 Software Implementation
-------------------------------------------

Overfull \hbox (80.78995pt too wide) in paragraph at lines 28--29
[][] 
 []

<./Figures/rectifier1.jpg, id=416, 444.91219pt x 263.48438pt>
File: ./Figures/rectifier1.jpg Graphic file (type jpg)
<use ./Figures/rectifier1.jpg>
Package pdftex.def Info: ./Figures/rectifier1.jpg  used on input line 34.
(pdftex.def)             Requested size: 433.62pt x 256.79771pt.

Overfull \hbox (16.14693pt too wide) in paragraph at lines 34--36
 [][] 
 []

<./Figures/rectifier2.jpg, id=417, 345.54094pt x 204.01219pt>
File: ./Figures/rectifier2.jpg Graphic file (type jpg)
<use ./Figures/rectifier2.jpg>
Package pdftex.def Info: ./Figures/rectifier2.jpg  used on input line 41.
(pdftex.def)             Requested size: 433.62pt x 256.0201pt.

Overfull \hbox (16.14693pt too wide) in paragraph at lines 41--43
 [][] 
 []

[11

] [12 <./Figures/rectifier1.jpg> <./Figures/rectifier2.jpg>]
<./Figures/Inverter.jpg, id=426, 233.37187pt x 235.63031pt>
File: ./Figures/Inverter.jpg Graphic file (type jpg)
<use ./Figures/Inverter.jpg>
Package pdftex.def Info: ./Figures/Inverter.jpg  used on input line 50.
(pdftex.def)             Requested size: 433.62pt x 437.86516pt.

Overfull \hbox (16.14693pt too wide) in paragraph at lines 50--52
 [][] 
 []

<./Figures/Inverter1.jpg, id=427, 671.50874pt x 377.15906pt>
File: ./Figures/Inverter1.jpg Graphic file (type jpg)
<use ./Figures/Inverter1.jpg>
Package pdftex.def Info: ./Figures/Inverter1.jpg  used on input line 57.
(pdftex.def)             Requested size: 433.62pt x 243.54485pt.

Overfull \hbox (16.14693pt too wide) in paragraph at lines 57--59
 [][] 
 []

[13 <./Figures/Inverter.jpg>]
<./Figures/180inverter.jpg, id=433, 648.17157pt x 239.39438pt>
File: ./Figures/180inverter.jpg Graphic file (type jpg)
<use ./Figures/180inverter.jpg>
Package pdftex.def Info: ./Figures/180inverter.jpg  used on input line 65.
(pdftex.def)             Requested size: 433.62pt x 160.1523pt.

Overfull \hbox (16.14693pt too wide) in paragraph at lines 65--67
 [][] 
 []

<./Figures/LCL.jpg, id=434, 962.09438pt x 308.65312pt>
File: ./Figures/LCL.jpg Graphic file (type jpg)
<use ./Figures/LCL.jpg>
Package pdftex.def Info: ./Figures/LCL.jpg  used on input line 71.
(pdftex.def)             Requested size: 433.62pt x 139.11397pt.

Overfull \hbox (16.14693pt too wide) in paragraph at lines 71--73
 [][] 
 []

) (Chapters/Chapter4.tex [14 <./Figures/Inverter1.jpg> <./Figures/180inverter.jpg>] [15 <./Figures/LCL.jpg>]
Chapter 4.
-------------------------------------------
 4 Circuit Design and Analysis
-------------------------------------------

Underfull \hbox (badness 10000) in paragraph at lines 33--35

 []

[16

] [17] [18]) (Chapters/Chapter5.tex [19]
Chapter 5.
-------------------------------------------
 5 Simulation Results
-------------------------------------------
<./Figures/5k.JPG, id=491, 350.05782pt x 231.86626pt>
File: ./Figures/5k.JPG Graphic file (type jpg)
<use ./Figures/5k.JPG>
Package pdftex.def Info: ./Figures/5k.JPG  used on input line 9.
(pdftex.def)             Requested size: 433.62pt x 287.2352pt.

Overfull \hbox (16.14693pt too wide) in paragraph at lines 9--11
 [][] 
 []

<./Figures/7k.JPG, id=492, 417.81094pt x 283.81032pt>
File: ./Figures/7k.JPG Graphic file (type jpg)
<use ./Figures/7k.JPG>
Package pdftex.def Info: ./Figures/7k.JPG  used on input line 15.
(pdftex.def)             Requested size: 433.62pt x 294.5668pt.

Overfull \hbox (16.14693pt too wide) in paragraph at lines 15--17
 [][] 
 []

<./Figures/10k.JPG, id=493, 349.305pt x 233.37187pt>
File: ./Figures/10k.JPG Graphic file (type jpg)
<use ./Figures/10k.JPG>
Package pdftex.def Info: ./Figures/10k.JPG  used on input line 21.
(pdftex.def)             Requested size: 433.62pt x 289.71997pt.

Overfull \hbox (16.14693pt too wide) in paragraph at lines 21--23
 [][] 
 []

<./Figures/13k.JPG, id=494, 405.01312pt x 247.67531pt>
File: ./Figures/13k.JPG Graphic file (type jpg)
<use ./Figures/13k.JPG>
Package pdftex.def Info: ./Figures/13k.JPG  used on input line 27.
(pdftex.def)             Requested size: 433.62pt x 265.17624pt.

Overfull \hbox (16.14693pt too wide) in paragraph at lines 27--29
 [][] 
 []

<./Figures/15k.JPG, id=495, 328.22626pt x 252.19218pt>
File: ./Figures/15k.JPG Graphic file (type jpg)
<use ./Figures/15k.JPG>
Package pdftex.def Info: ./Figures/15k.JPG  used on input line 33.
(pdftex.def)             Requested size: 433.62pt x 333.17561pt.

Overfull \hbox (16.14693pt too wide) in paragraph at lines 33--35
 [][] 
 []

<./Figures/20k.JPG, id=496, 411.03563pt x 253.69781pt>
File: ./Figures/20k.JPG Graphic file (type jpg)
<use ./Figures/20k.JPG>
Package pdftex.def Info: ./Figures/20k.JPG  used on input line 39.
(pdftex.def)             Requested size: 433.62pt x 267.63705pt.

Overfull \hbox (16.14693pt too wide) in paragraph at lines 39--41
 [][] 
 []

[20

 <./Figures/5k.JPG>] [21 <./Figures/7k.JPG> <./Figures/10k.JPG>] [22 <./Figures/13k.JPG> <./Figures/15k.JPG>]
<./Figures/50.JPG, id=509, 479.54156pt x 301.125pt>
File: ./Figures/50.JPG Graphic file (type jpg)
<use ./Figures/50.JPG>
Package pdftex.def Info: ./Figures/50.JPG  used on input line 47.
(pdftex.def)             Requested size: 433.62pt x 272.29193pt.

Overfull \hbox (16.14693pt too wide) in paragraph at lines 47--49
 [][] 
 []

<./Figures/100.JPG, id=510, 487.06969pt x 326.72063pt>
File: ./Figures/100.JPG Graphic file (type jpg)
<use ./Figures/100.JPG>
Package pdftex.def Info: ./Figures/100.JPG  used on input line 53.
(pdftex.def)             Requested size: 433.62pt x 290.87016pt.

Overfull \hbox (16.14693pt too wide) in paragraph at lines 53--55
 [][] 
 []

<./Figures/150.JPG, id=511, 430.60875pt x 325.96782pt>
File: ./Figures/150.JPG Graphic file (type jpg)
<use ./Figures/150.JPG>
Package pdftex.def Info: ./Figures/150.JPG  used on input line 59.
(pdftex.def)             Requested size: 433.62pt x 328.25497pt.

Overfull \hbox (16.14693pt too wide) in paragraph at lines 59--61
 [][] 
 []

<./Figures/170.JPG, id=512, 478.78876pt x 336.50719pt>
File: ./Figures/170.JPG Graphic file (type jpg)
<use ./Figures/170.JPG>
Package pdftex.def Info: ./Figures/170.JPG  used on input line 65.
(pdftex.def)             Requested size: 433.62pt x 304.76375pt.

Overfull \hbox (16.14693pt too wide) in paragraph at lines 65--67
 [][] 
 []

File: ./Figures/50.JPG Graphic file (type jpg)
<use ./Figures/50.JPG>
Package pdftex.def Info: ./Figures/50.JPG  used on input line 71.
(pdftex.def)             Requested size: 433.62pt x 272.29193pt.

Overfull \hbox (16.14693pt too wide) in paragraph at lines 71--73
 [][] 
 []

[23 <./Figures/20k.JPG>] [24 <./Figures/50.JPG> <./Figures/100.JPG>]
<./Figures/mod.JPG, id=521, 358.33875pt x 215.30438pt>
File: ./Figures/mod.JPG Graphic file (type jpg)
<use ./Figures/mod.JPG>
Package pdftex.def Info: ./Figures/mod.JPG  used on input line 79.
(pdftex.def)             Requested size: 433.62pt x 260.55194pt.

Overfull \hbox (16.14693pt too wide) in paragraph at lines 79--81
 [][] 
 []

[25 <./Figures/150.JPG>] [26 <./Figures/170.JPG>]
<./Figures/25freq.JPG, id=531, 503.63156pt x 329.73187pt>
File: ./Figures/25freq.JPG Graphic file (type jpg)
<use ./Figures/25freq.JPG>
Package pdftex.def Info: ./Figures/25freq.JPG  used on input line 87.
(pdftex.def)             Requested size: 433.62pt x 283.89594pt.

Overfull \hbox (16.14693pt too wide) in paragraph at lines 87--89
 [][] 
 []

<./Figures/50freq.JPG, id=532, 386.19281pt x 302.63063pt>
File: ./Figures/50freq.JPG Graphic file (type jpg)
<use ./Figures/50freq.JPG>
Package pdftex.def Info: ./Figures/50freq.JPG  used on input line 93.
(pdftex.def)             Requested size: 433.62pt x 339.79826pt.

Overfull \hbox (16.14693pt too wide) in paragraph at lines 93--95
 [][] 
 []

<./Figures/100freq.JPG, id=533, 359.09157pt x 274.77657pt>
File: ./Figures/100freq.JPG Graphic file (type jpg)
<use ./Figures/100freq.JPG>
Package pdftex.def Info: ./Figures/100freq.JPG  used on input line 99.
(pdftex.def)             Requested size: 433.62pt x 331.83078pt.

Overfull \hbox (16.14693pt too wide) in paragraph at lines 99--101
 [][] 
 []

<./Figures/graph2freq.JPG, id=534, 359.09157pt x 215.30438pt>
File: ./Figures/graph2freq.JPG Graphic file (type jpg)
<use ./Figures/graph2freq.JPG>
Package pdftex.def Info: ./Figures/graph2freq.JPG  used on input line 106.
(pdftex.def)             Requested size: 433.62pt x 260.00987pt.

Overfull \hbox (16.14693pt too wide) in paragraph at lines 106--108
 [][] 
 []

<./Figures/graph1freq.JPG, id=535, 358.33875pt x 212.29312pt>
File: ./Figures/graph1freq.JPG Graphic file (type jpg)
<use ./Figures/graph1freq.JPG>
Package pdftex.def Info: ./Figures/graph1freq.JPG  used on input line 112.
(pdftex.def)             Requested size: 433.62pt x 256.90787pt.

Overfull \hbox (16.14693pt too wide) in paragraph at lines 112--114
 [][] 
 []

<./Figures/Photos/task3/Task3_reading1/V313F25hz.JPG, id=536, 809.27344pt x 471.26062pt>
File: ./Figures/Photos/task3/Task3_reading1/V313F25hz.JPG Graphic file (type jpg)
<use ./Figures/Photos/task3/Task3_reading1/V313F25hz.JPG>
Package pdftex.def Info: ./Figures/Photos/task3/Task3_reading1/V313F25hz.JPG  used on input line 121.
(pdftex.def)             Requested size: 433.62pt x 252.51384pt.

Overfull \hbox (16.14693pt too wide) in paragraph at lines 121--123
 [][] 
 []

<./Figures/Photos/task3/Task3_reading2/V525F45.JPG, id=537, 811.53188pt x 471.26062pt>
File: ./Figures/Photos/task3/Task3_reading2/V525F45.JPG Graphic file (type jpg)
<use ./Figures/Photos/task3/Task3_reading2/V525F45.JPG>
Package pdftex.def Info: ./Figures/Photos/task3/Task3_reading2/V525F45.JPG  used on input line 127.
(pdftex.def)             Requested size: 433.62pt x 251.80914pt.

Overfull \hbox (16.14693pt too wide) in paragraph at lines 127--129
 [][] 
 []

<./Figures/Photos/task3/Task3_reading3/V132F70.JPG, id=538, 809.27344pt x 472.76625pt>
File: ./Figures/Photos/task3/Task3_reading3/V132F70.JPG Graphic file (type jpg)
<use ./Figures/Photos/task3/Task3_reading3/V132F70.JPG>
Package pdftex.def Info: ./Figures/Photos/task3/Task3_reading3/V132F70.JPG  used on input line 133.
(pdftex.def)             Requested size: 433.62pt x 253.32059pt.

Overfull \hbox (16.14693pt too wide) in paragraph at lines 133--135
 [][] 
 []

<./Figures/Photos/task3/Graph1.JPG, id=539, 493.0922pt x 415.5525pt>
File: ./Figures/Photos/task3/Graph1.JPG Graphic file (type jpg)
<use ./Figures/Photos/task3/Graph1.JPG>
Package pdftex.def Info: ./Figures/Photos/task3/Graph1.JPG  used on input line 140.
(pdftex.def)             Requested size: 433.62pt x 365.45271pt.

Overfull \hbox (16.14693pt too wide) in paragraph at lines 140--142
 [][] 
 []

) (Chapters/Chapter6.tex [27 <./Figures/mod.JPG>] [28 <./Figures/25freq.JPG>] [29 <./Figures/50freq.JPG>] [30 <./Figures/100freq.JPG> <./Figures/graph2freq.JPG>] [31 <./Figures/graph1freq.JPG> <./Figures/Photos/task3/Task3_reading1/V313F25hz.JPG>] [32 <./Figures/Photos/task3/Task3_reading2/V525F45.JPG> <./Figures/Photos/task3/Task3_reading3/V132F70.JPG>] [33 <./Figures/Photos/task3/Graph1.JPG>]
Chapter 6.
-------------------------------------------
 6 Conclusion
-------------------------------------------
) (Chapters/Chapter7.tex [34

]
Chapter 7.
-------------------------------------------
 7 References
-------------------------------------------

Overfull \hbox (34.92436pt too wide) in paragraph at lines 4--5
\OT1/cmr/m/n/10.95 [1] Re-view of Con-trolled rec-ti-fier: [][]$\OT1/cmtt/m/n/10.95 https : / / www . irjet . net / archives / V2 / i4 / Irjet-[]v2i4219 .
 []

) [35

]
-------------------------------------------
 References
-------------------------------------------
Package atveryend Info: Empty hook `BeforeClearDocument' on input line 280.
Package atveryend Info: Empty hook `AfterLastShipout' on input line 280.
("c:/Users\Usman IlamDin\Documents\GitHub\power-electronics-project\Report\uet_thesis.aux")
Package atveryend Info: Executing hook `AtVeryEndDocument' on input line 280.
Package atveryend Info: Executing hook `AtEndAfterFileList' on input line 280.
Package rerunfilecheck Info: File `uet_thesis.out' has not changed.
(rerunfilecheck)             Checksum: D3E64831156D24089D601F9F255CCE54;7569.


LaTeX Warning: There were multiply-defined labels.

Package atveryend Info: Empty hook `AtVeryVeryEnd' on input line 280.
 )
(\end occurred inside a group at level 1)

### simple group (level 1) entered at line 219 ({)
### bottom level 
Here is how much of TeX's memory you used:
 47395 strings out of 481212
 1169359 string characters out of 2902187
 1798797 words of memory out of 3000000
 62132 multiletter control sequences out of 15000+200000
 543622 words of font info for 60 fonts, out of 3000000 for 9000
 1141 hyphenation exceptions out of 8191
 67i,12n,98p,1226b,2314s stack positions out of 5000i,500n,10000p,200000b,50000s
 <C:\Users\Usman IlamDin\AppData\Local\MiKTeX\fonts/pk/ljfour/jknappen/ec/dpi600\tcrm1095.pk><C:/Users/Usman IlamDin/AppData/Local/Programs/MiKTeX/fonts/type1/public/amsfonts/cm/cmbx10.pfb><C:/Users/Usman IlamDin/AppData/Local/Programs/MiKTeX/fonts/type1/public/amsfonts/cm/cmbx12.pfb><C:/Users/Usman IlamDin/AppData/Local/Programs/MiKTeX/fonts/type1/public/amsfonts/cm/cmcsc10.pfb><C:/Users/Usman IlamDin/AppData/Local/Programs/MiKTeX/fonts/type1/public/amsfonts/cm/cmex10.pfb><C:/Users/Usman IlamDin/AppData/Local/Programs/MiKTeX/fonts/type1/public/amsfonts/cm/cmmi10.pfb><C:/Users/Usman IlamDin/AppData/Local/Programs/MiKTeX/fonts/type1/public/amsfonts/cm/cmmi8.pfb><C:/Users/Usman IlamDin/AppData/Local/Programs/MiKTeX/fonts/type1/public/amsfonts/cm/cmr10.pfb><C:/Users/Usman IlamDin/AppData/Local/Programs/MiKTeX/fonts/type1/public/amsfonts/cm/cmr12.pfb><C:/Users/Usman IlamDin/AppData/Local/Programs/MiKTeX/fonts/type1/public/amsfonts/cm/cmr6.pfb><C:/Users/Usman IlamDin/AppData/Local/Programs/MiKTeX/fonts/type1/public/amsfonts/cm/cmr8.pfb><C:/Users/Usman IlamDin/AppData/Local/Programs/MiKTeX/fonts/type1/public/amsfonts/cm/cmsy10.pfb><C:/Users/Usman IlamDin/AppData/Local/Programs/MiKTeX/fonts/type1/public/amsfonts/cm/cmti10.pfb><C:/Users/Usman IlamDin/AppData/Local/Programs/MiKTeX/fonts/type1/public/amsfonts/cm/cmtt10.pfb>
Output written on "c:/Users\Usman IlamDin\Documents\GitHub\power-electronics-project\Report\uet_thesis.pdf" (41 pages, 2086983 bytes).
PDF statistics:
 664 PDF objects out of 1000 (max. 8388607)
 161 named destinations out of 1000 (max. 500000)
 532 words of extra memory for PDF output out of 10000 (max. 10000000)

