\BOOKMARK [0][-]{dummy.3}{\376\377\000L\000i\000s\000t\000\040\000o\000f\000\040\000F\000i\000g\000u\000r\000e\000s}{}% 1
\BOOKMARK [0][-]{dummy.5}{\376\377\000A\000b\000s\000t\000r\000a\000c\000t}{}% 2
\BOOKMARK [0][-]{chapter.6}{\376\377\0001\000\040\000L\000i\000t\000e\000r\000a\000t\000u\000r\000e\000\040\000R\000e\000v\000i\000e\000w}{}% 3
\BOOKMARK [1][-]{section.7}{\376\377\0001\000.\0001\000\040\000I\000n\000t\000r\000o\000d\000u\000c\000t\000i\000o\000n}{chapter.6}% 4
\BOOKMARK [2][-]{subsection.9}{\376\377\0001\000.\0001\000.\0001\000\040\000M\000O\000S\000F\000E\000T}{section.7}% 5
\BOOKMARK [1][-]{section.11}{\376\377\0001\000.\0002\000\040\000H\000i\000e\000r\000a\000r\000c\000h\000y\000\040\000o\000f\000\040\000I\000n\000v\000e\000r\000t\000e\000r}{chapter.6}% 6
\BOOKMARK [1][-]{section.13}{\376\377\0001\000.\0003\000\040\000V\000o\000l\000t\000a\000g\000e\000\040\000S\000o\000u\000r\000c\000e\000\040\000I\000n\000v\000e\000r\000t\000e\000r}{chapter.6}% 7
\BOOKMARK [1][-]{section.14}{\376\377\0001\000.\0004\000\040\000M\000u\000l\000t\000i\000l\000e\000v\000e\000l\000\040\000I\000n\000v\000e\000r\000t\000e\000r\000s}{chapter.6}% 8
\BOOKMARK [1][-]{section.16}{\376\377\0001\000.\0005\000\040\000H\000\040\000B\000r\000i\000d\000g\000e}{chapter.6}% 9
\BOOKMARK [1][-]{section.18}{\376\377\0001\000.\0006\000\040\000C\000a\000s\000c\000a\000d\000e\000d\000\040\0009\000-\000l\000e\000v\000e\000l\000\040\000H\000\040\000B\000r\000i\000d\000g\000e}{chapter.6}% 10
\BOOKMARK [2][-]{subsection.20}{\376\377\0001\000.\0006\000.\0001\000\040\0004\000\040\000u\000n\000i\000t\000s\000\040\000o\000f\000\040\000H\000\040\000b\000r\000i\000d\000g\000e\000\040\000i\000n\000\040\000s\000e\000r\000i\000e\000s}{section.18}% 11
\BOOKMARK [2][-]{subsection.23}{\376\377\0001\000.\0006\000.\0002\000\040\0002\000\040\000u\000n\000i\000t\000s\000\040\000o\000f\000\040\000H\000\040\000b\000r\000i\000d\000g\000e\000\040\000i\000n\000\040\000s\000e\000r\000i\000e\000s}{section.18}% 12
\BOOKMARK [2][-]{subsection.24}{\376\377\0001\000.\0006\000.\0003\000\040\000F\000e\000a\000t\000u\000r\000e\000s\000\040\000o\000f\000\040\000C\000a\000s\000c\000a\000d\000e\000d\000\040\000I\000n\000v\000e\000r\000t\000e\000r}{section.18}% 13
\BOOKMARK [2][-]{subsection.25}{\376\377\0001\000.\0006\000.\0004\000\040\000L\000i\000m\000i\000t\000a\000t\000i\000o\000n\000s\000\040\000o\000f\000\040\000C\000a\000s\000c\000a\000d\000e\000d\000\040\000I\000n\000v\000e\000r\000t\000e\000r}{section.18}% 14
\BOOKMARK [1][-]{section.26}{\376\377\0001\000.\0007\000\040\000M\000o\000d\000u\000l\000a\000t\000i\000o\000n\000\040\000T\000e\000c\000h\000n\000i\000q\000u\000e\000s\000\040\000f\000o\000r\000\040\000M\000u\000l\000t\000i\000l\000e\000v\000e\000l\000\040\000I\000n\000v\000e\000r\000t\000e\000r}{chapter.6}% 15
\BOOKMARK [1][-]{section.27}{\376\377\0001\000.\0008\000\040\000C\000l\000a\000s\000s\000i\000f\000i\000c\000a\000t\000i\000o\000n\000\040\000o\000f\000\040\000M\000o\000d\000u\000l\000a\000t\000i\000o\000n\000\040\000T\000e\000c\000h\000n\000i\000q\000u\000e\000s}{chapter.6}% 16
\BOOKMARK [1][-]{section.29}{\376\377\0001\000.\0009\000\040\000S\000i\000n\000u\000s\000o\000i\000d\000a\000l\000\040\000P\000W\000M}{chapter.6}% 17
\BOOKMARK [2][-]{subsection.30}{\376\377\0001\000.\0009\000.\0001\000\040\000L\000e\000v\000e\000l\000-\000s\000h\000i\000f\000t\000e\000d\000\040\000c\000a\000r\000r\000i\000e\000r\000\040\000b\000a\000s\000e\000d\000\040\000P\000W\000M\000\040\000\050\000L\000S\000C\000P\000W\000M\000\051\000\040\000t\000e\000c\000h\000n\000i\000q\000u\000e}{section.29}% 18
\BOOKMARK [2][-]{subsection.31}{\376\377\0001\000.\0009\000.\0002\000\040\000P\000h\000a\000s\000e\000\040\000s\000h\000i\000f\000t\000e\000d\000\040\000c\000a\000r\000r\000i\000e\000r\000\040\000b\000a\000s\000e\000d\000\040\000P\000W\000M\000\040\000\050\000P\000S\000C\000P\000W\000M\000\051\000\040\000t\000e\000c\000h\000n\000i\000q\000u\000e}{section.29}% 19
\BOOKMARK [0][-]{chapter.32}{\376\377\0002\000\040\000F\000l\000o\000w\000\040\000C\000h\000a\000r\000t\000\040\000a\000n\000d\000\040\000B\000l\000o\000c\000k\000\040\000D\000i\000a\000g\000r\000a\000m}{}% 20
\BOOKMARK [1][-]{section.33}{\376\377\0002\000.\0001\000\040\000F\000l\000o\000w\000c\000h\000a\000r\000t}{chapter.32}% 21
\BOOKMARK [1][-]{section.35}{\376\377\0002\000.\0002\000\040\000B\000l\000o\000c\000k\000\040\000D\000i\000a\000g\000r\000a\000m}{chapter.32}% 22
\BOOKMARK [0][-]{chapter.37}{\376\377\0003\000\040\000C\000i\000r\000c\000u\000i\000t\000\040\000D\000e\000s\000i\000g\000n\000\040\000a\000n\000d\000\040\000A\000n\000a\000l\000y\000s\000i\000s}{}% 23
\BOOKMARK [1][-]{section.38}{\376\377\0003\000.\0001\000\040\000T\000e\000r\000m\000i\000n\000o\000l\000o\000g\000i\000e\000s}{chapter.37}% 24
\BOOKMARK [1][-]{section.51}{\376\377\0003\000.\0002\000\040\000D\000e\000s\000i\000g\000n}{chapter.37}% 25
\BOOKMARK [1][-]{section.55}{\376\377\0003\000.\0003\000\040\000A\000n\000a\000l\000y\000s\000i\000s}{chapter.37}% 26
\BOOKMARK [0][-]{chapter.62}{\376\377\0004\000\040\000D\000e\000t\000a\000i\000l\000e\000d\000\040\000C\000i\000r\000c\000u\000i\000t\000\040\000D\000e\000s\000i\000g\000n}{}% 27
\BOOKMARK [1][-]{section.64}{\376\377\0004\000.\0001\000\040\000D\000C\000\040\000S\000u\000p\000p\000l\000i\000e\000s}{chapter.62}% 28
\BOOKMARK [1][-]{section.66}{\376\377\0004\000.\0002\000\040\000S\000T\000M\0003\0002\000F\0004\000x\000\040\000M\000i\000c\000r\000o\000n\000t\000r\000o\000l\000l\000e\000r}{chapter.62}% 29
\BOOKMARK [1][-]{section.67}{\376\377\0004\000.\0003\000\040\000G\000a\000t\000e\000\040\000t\000r\000i\000g\000g\000e\000r\000i\000n\000g\000\040\000c\000i\000r\000c\000u\000i\000t}{chapter.62}% 30
\BOOKMARK [1][-]{section.70}{\376\377\0004\000.\0004\000\040\000H\000-\000B\000r\000i\000d\000g\000e\000\040\000C\000i\000r\000c\000u\000i\000t\000s}{chapter.62}% 31
\BOOKMARK [0][-]{chapter.75}{\376\377\0005\000\040\000S\000i\000m\000u\000l\000a\000t\000i\000o\000n\000\040\000R\000e\000s\000u\000l\000t\000s}{}% 32
\BOOKMARK [1][-]{section.76}{\376\377\0005\000.\0001\000\040\000G\000a\000t\000e\000\040\000S\000i\000g\000n\000a\000l\000s}{chapter.75}% 33
\BOOKMARK [1][-]{section.79}{\376\377\0005\000.\0002\000\040\000S\000o\000u\000r\000c\000e\000\040\000C\000u\000r\000r\000e\000n\000t\000s}{chapter.75}% 34
\BOOKMARK [1][-]{section.82}{\376\377\0005\000.\0003\000\040\000S\000w\000i\000t\000c\000h\000\040\000C\000u\000r\000r\000e\000n\000t\000s}{chapter.75}% 35
\BOOKMARK [1][-]{section.87}{\376\377\0005\000.\0004\000\040\000L\000o\000a\000d\000\040\000C\000u\000r\000r\000e\000n\000t}{chapter.75}% 36
\BOOKMARK [1][-]{section.91}{\376\377\0005\000.\0005\000\040\000O\000u\000t\000p\000u\000t\000\040\000V\000o\000l\000t\000a\000g\000e}{chapter.75}% 37
\BOOKMARK [1][-]{section.95}{\376\377\0005\000.\0006\000\040\000O\000u\000t\000p\000u\000t\000\040\000G\000e\000n\000e\000r\000a\000t\000e\000d\000\040\000b\000y\000\040\000P\000W\000M\000\040\000T\000e\000c\000h\000n\000i\000q\000u\000e}{chapter.75}% 38
\BOOKMARK [1][-]{section.98}{\376\377\0005\000.\0007\000\040\000O\000u\000t\000p\000u\000t\000\040\000G\000e\000n\000e\000r\000a\000t\000e\000d\000\040\000b\000y\000\040\000S\000i\000n\000e\000\040\000P\000W\000M\000\040\000T\000e\000c\000h\000n\000i\000q\000u\000e}{chapter.75}% 39
\BOOKMARK [1][-]{section.101}{\376\377\0005\000.\0008\000\040\000A\000N\000D\000\040\000O\000p\000e\000r\000a\000t\000i\000o\000n\000\040\000w\000i\000t\000h\000\040\000P\000W\000M\000\040\000S\000i\000g\000n\000a\000l}{chapter.75}% 40
\BOOKMARK [1][-]{section.104}{\376\377\0005\000.\0009\000\040\000A\000N\000D\000\040\000O\000p\000e\000r\000a\000t\000i\000o\000n\000\040\000w\000i\000t\000h\000\040\000S\000i\000n\000e\000\040\000P\000W\000M\000\040\000S\000i\000g\000n\000a\000l}{chapter.75}% 41
\BOOKMARK [1][-]{section.107}{\376\377\0005\000.\0001\0000\000\040\000S\000H\000E\000\040\000P\000W\000M}{chapter.75}% 42
\BOOKMARK [1][-]{section.115}{\376\377\0005\000.\0001\0001\000\040\000V\000o\000l\000t\000a\000g\000e\000\040\000C\000o\000n\000t\000r\000o\000l}{chapter.75}% 43
\BOOKMARK [0][-]{chapter.117}{\376\377\0006\000\040\000H\000a\000r\000d\000w\000a\000r\000e\000\040\000R\000e\000s\000u\000l\000t\000s}{}% 44
\BOOKMARK [1][-]{section.118}{\376\377\0006\000.\0001\000\040\000O\000u\000t\000p\000u\000t\000\040\000V\000o\000l\000t\000a\000g\000e}{chapter.117}% 45
\BOOKMARK [1][-]{section.121}{\376\377\0006\000.\0002\000\040\000V\000e\000r\000i\000f\000i\000c\000a\000t\000i\000o\000n\000\040\000o\000f\000\040\000C\000o\000n\000d\000u\000c\000t\000i\000o\000n\000\040\000A\000n\000g\000l\000e\000s}{chapter.117}% 46
\BOOKMARK [2][-]{subsection.122}{\376\377\0006\000.\0002\000.\0001\000\040\000V\000e\000r\000i\000f\000i\000c\000a\000t\000i\000o\000n\000\040\000o\000f\000\040\0001\000\040}{section.121}% 47
\BOOKMARK [2][-]{subsection.129}{\376\377\0006\000.\0002\000.\0002\000\040\000V\000e\000r\000i\000f\000i\000c\000a\000t\000i\000o\000n\000\040\000o\000f\000\040\0002\000\040}{section.121}% 48
\BOOKMARK [2][-]{subsection.136}{\376\377\0006\000.\0002\000.\0003\000\040\000V\000e\000r\000i\000f\000i\000c\000a\000t\000i\000o\000n\000\040\000o\000f\000\040\0003\000\040}{section.121}% 49
\BOOKMARK [2][-]{subsection.143}{\376\377\0006\000.\0002\000.\0004\000\040\000V\000e\000r\000i\000f\000i\000c\000a\000t\000i\000o\000n\000\040\000o\000f\000\040\0004\000\040}{section.121}% 50
\BOOKMARK [1][-]{section.150}{\376\377\0006\000.\0003\000\040\000A\000N\000D\000\040\000O\000p\000e\000r\000a\000t\000i\000o\000n\000\040\000w\000i\000t\000h\000\040\0001\0000\000K\000H\000z\000\040\000P\000W\000M}{chapter.117}% 51
\BOOKMARK [1][-]{section.152}{\376\377\0006\000.\0004\000\040\000P\000W\000M\000\040\000O\000p\000e\000r\000a\000t\000i\000o\000n}{chapter.117}% 52
\BOOKMARK [1][-]{section.154}{\376\377\0006\000.\0005\000\040\000F\000r\000e\000q\000u\000e\000n\000c\000y\000\040\000C\000o\000n\000t\000r\000o\000l}{chapter.117}% 53
\BOOKMARK [1][-]{section.156}{\376\377\0006\000.\0006\000\040\000V\000o\000l\000t\000a\000g\000e\000\040\000C\000o\000n\000t\000r\000o\000l}{chapter.117}% 54
\BOOKMARK [2][-]{subsection.171}{\376\377\0006\000.\0006\000.\0001\000\040\000T\000a\000b\000l\000e\000\040}{section.156}% 55
\BOOKMARK [2][-]{subsection.172}{\376\377\0006\000.\0006\000.\0002\000\040\000R\000e\000l\000a\000t\000i\000o\000n\000\040\000B\000e\000t\000w\000e\000e\000n\000\040\000D\000u\000t\000y\000\040\000C\000y\000c\000l\000e\000\040\000a\000n\000d\000\040\000V\000r\000m\000s}{section.156}% 56
\BOOKMARK [1][-]{section.174}{\376\377\0006\000.\0007\000\040\000V\000o\000l\000t\000a\000g\000e\000\040\000a\000n\000d\000\040\000C\000u\000r\000r\000e\000n\000t\000\040\000P\000a\000r\000a\000m\000e\000t\000e\000r\000s}{chapter.117}% 57
\BOOKMARK [0][-]{chapter.179}{\376\377\0007\000\040\000C\000o\000n\000c\000l\000u\000s\000i\000o\000n}{}% 58
\BOOKMARK [0][-]{appendix.180}{\376\377\000A\000\040\000C\000o\000d\000e\000\040\000f\000o\000r\000\040\000P\000r\000o\000j\000e\000c\000t}{}% 59
\BOOKMARK [1][-]{section.181}{\376\377\000A\000.\0001\000\040\000S\000T\000M\0003\0002\000F\0004\000\040\000C\000o\000d\000e}{appendix.180}% 60
\BOOKMARK [1][-]{section.416}{\376\377\000A\000.\0002\000\040\000M\000A\000T\000L\000A\000B\000\040\000C\000O\000D\000E}{appendix.180}% 61
\BOOKMARK [2][-]{subsection.417}{\376\377\000A\000.\0002\000.\0001\000\040\000S\000w\000i\000t\000c\000h\000i\000n\000g\000\040\000S\000e\000q\000u\000e\000n\000c\000e\000\040\000G\000e\000n\000e\000r\000a\000t\000o\000r\000:}{section.416}% 62
\BOOKMARK [2][-]{subsection.517}{\376\377\000A\000.\0002\000.\0002\000\040\000S\000i\000n\000e\000\040\000P\000W\000M\000\040\000G\000e\000n\000e\000r\000a\000t\000o\000r}{section.416}% 63
\BOOKMARK [2][-]{subsection.539}{\376\377\000A\000.\0002\000.\0003\000\040\000S\000H\000E\000\040\000P\000W\000M}{section.416}% 64
\BOOKMARK [2][-]{subsection.547}{\376\377\000A\000.\0002\000.\0004\000\040\000E\000q\000u\000a\000t\000i\000o\000n\000s}{section.416}% 65
